2026-06-17 14:44:55 | INFO     | MainThread      | [ViolationManager] [Di sai lan] Track#2 (car) frame#1
2026-06-17 14:44:55 | INFO     | MainThread      | [ViolationManager] [Di sai lan] Track#3 (person) frame#1
2026-06-17 14:44:55 | INFO     | MainThread      | [ViolationManager] [Di sai lan] Track#4 (motorcycle) frame#1
2026-06-17 14:44:55 | INFO     | MainThread      | [ViolationManager] [Di nguoc chieu] Track#1 (car) frame#8
2026-06-17 14:44:55 | INFO     | MainThread      | [ViolationManager] [Di nguoc chieu] Track#2 (car) frame#8
2026-06-17 14:44:55 | INFO     | MainThread      | [ViolationManager] [Di nguoc chieu] Track#3 (person) frame#8
2026-06-17 14:44:55 | INFO     | MainThread      | [ViolationManager] [Di sai lan] Track#5 (car) frame#8
2026-06-17 14:44:55 | INFO     | MainThread      | [ViolationManager] [Di sai lan] Track#6 (car) frame#11
2026-06-17 14:44:56 | INFO     | MainThread      | [ViolationManager] [Di nguoc chieu] Track#7 (car) frame#23
2026-06-17 14:44:56 | INFO     | MainThread      | [ViolationManager] [Di sai lan] Track#1 (car) frame#30
2026-06-17 14:44:56 | INFO     | MainThread      | [ViolationManager] [Quay dau sai noi quy dinh] Track#7 (car) frame#40
2026-06-17 14:44:59 | INFO     | MainThread      | [ViolationManager] [Di nguoc chieu] Track#4 (motorcycle) frame#116
2026-06-17 14:45:00 | INFO     | MainThread      | [ViolationManager] [Di sai lan] Track#9 (person) frame#157
2026-06-17 14:45:01 | INFO     | MainThread      | [ViolationManager] [Di nguoc chieu] Track#9 (person) frame#174
2026-06-17 14:45:01 | INFO     | MainThread      | [ViolationManager] [Di sai lan] Track#11 (person) frame#176
2026-06-17 14:45:05 | INFO     | MainThread      | [ViolationManager] [Di sai lan] Track#3 (person) frame#308
2026-06-17 14:45:05 | INFO     | MainThread      | [ViolationManager] [Di nguoc chieu] Track#3 (person) frame#308
2026-06-17 14:45:06 | INFO     | MainThread      | [ViolationManager] [Di sai lan] Track#12 (person) frame#322
2026-06-17 14:45:08 | INFO     | MainThread      | [ViolationManager] [Di nguoc chieu] Track#7 (car) frame#387
2026-06-17 14:45:08 | INFO     | MainThread      | [ViolationManager] [Di nguoc chieu] Track#14 (bus) frame#404
2026-06-17 14:45:09 | INFO     | MainThread      | [ViolationManager] [Di sai lan] Track#15 (car) frame#426
2026-06-17 14:45:09 | INFO     | MainThread      | [ViolationManager] [Di nguoc chieu] Track#15 (car) frame#428
2026-06-17 14:45:10 | INFO     | MainThread      | [ViolationManager] [Di sai lan] Track#16 (motorcycle) frame#442
2026-06-17 14:45:10 | INFO     | MainThread      | [ViolationManager] [Di nguoc chieu] Track#16 (motorcycle) frame#446
2026-06-17 14:45:10 | INFO     | MainThread      | [ViolationManager] [Di sai lan] Track#17 (car) frame#446
2026-06-17 14:45:10 | INFO     | MainThread      | [ViolationManager] [Di nguoc chieu] Track#17 (car) frame#448
2026-06-17 14:45:12 | INFO     | MainThread      | [ViolationManager] [Di sai lan] Track#20 (person) frame#507
2026-06-17 14:45:12 | INFO     | MainThread      | [ViolationManager] [Di sai lan] Track#21 (person) frame#520
2026-06-17 14:45:12 | INFO     | MainThread      | [ViolationManager] [Di nguoc chieu] Track#21 (person) frame#521
2026-06-17 14:45:13 | INFO     | MainThread      | [ViolationManager] [Di nguoc chieu] Track#20 (person) frame#526
2026-06-17 14:45:13 | INFO     | MainThread      | [ViolationManager] [Di nguoc chieu] Track#22 (car) frame#539
2026-06-17 14:45:13 | INFO     | MainThread      | [ViolationManager] [Di sai lan] Track#23 (car) frame#555
2026-06-17 14:45:14 | INFO     | MainThread      | [ViolationManager] [Di nguoc chieu] Track#23 (car) frame#557
2026-06-17 14:45:14 | INFO     | MainThread      | [ViolationManager] [Di sai lan] Track#18 (motorcycle) frame#569
2026-06-17 14:45:14 | INFO     | MainThread      | [ViolationManager] [Di nguoc chieu] Track#18 (motorcycle) frame#569
2026-06-17 14:45:15 | INFO     | MainThread      | [ViolationManager] [Di sai lan] Track#26 (person) frame#595
2026-06-17 14:45:15 | INFO     | MainThread      | [ViolationManager] [Di nguoc chieu] Track#28 (car) frame#611
2026-06-17 14:45:16 | INFO     | MainThread      | [ViolationManager] [Di nguoc chieu] Track#26 (person) frame#617
2026-06-17 14:45:16 | INFO     | MainThread      | [ViolationManager] [Di nguoc chieu] Track#24 (motorcycle) frame#632
2026-06-17 14:45:17 | INFO     | MainThread      | [ViolationManager] [Di sai lan] Track#31 (car) frame#651
2026-06-17 14:45:17 | INFO     | MainThread      | [ViolationManager] [Di nguoc chieu] Track#31 (car) frame#655
2026-06-17 14:45:18 | INFO     | MainThread      | [ViolationManager] [Di nguoc chieu] Track#7 (car) frame#687
2026-06-17 14:45:18 | INFO     | MainThread      | [ViolationManager] [Di nguoc chieu] Track#33 (car) frame#701
2026-06-17 14:45:19 | INFO     | MainThread      | [ViolationManager] [Di sai lan] Track#28 (car) frame#712
2026-06-17 14:45:20 | INFO     | MainThread      | [ViolationManager] [Di nguoc chieu] Track#36 (car) frame#759
2026-06-17 14:45:22 | INFO     | MainThread      | [ViolationManager] [Di sai lan] Track#20 (person) frame#807
2026-06-17 14:45:22 | INFO     | MainThread      | [ViolationManager] [Di sai lan] Track#24 (motorcycle) frame#812
2026-06-17 14:45:23 | INFO     | MainThread      | [ViolationManager] [Di sai lan] Track#39 (car) frame#842
2026-06-17 14:45:23 | INFO     | MainThread      | [ViolationManager] [Di nguoc chieu] Track#39 (car) frame#846
2026-06-17 14:45:24 | INFO     | MainThread      | [ViolationManager] [Di nguoc chieu] Track#20 (person) frame#867
2026-06-17 14:45:24 | INFO     | MainThread      | [ViolationManager] [Di nguoc chieu] Track#40 (car) frame#878
2026-06-17 14:45:24 | INFO     | MainThread      | [ViolationManager] [Di sai lan] Track#41 (car) frame#880
2026-06-17 14:45:24 | INFO     | MainThread      | [ViolationManager] [Di nguoc chieu] Track#41 (car) frame#885
2026-06-17 14:45:25 | INFO     | MainThread      | [ViolationManager] [Di sai lan] Track#42 (car) frame#892
2026-06-17 14:45:25 | INFO     | MainThread      | [ViolationManager] [Di sai lan] Track#26 (person) frame#894
2026-06-17 14:45:25 | INFO     | MainThread      | [ViolationManager] [Di sai lan] Track#18 (motorcycle) frame#898
2026-06-17 14:45:25 | INFO     | MainThread      | [ViolationManager] [Di nguoc chieu] Track#18 (motorcycle) frame#898
2026-06-17 14:45:26 | INFO     | MainThread      | [ViolationManager] [Di sai lan] Track#33 (car) frame#918
2026-06-17 14:45:26 | INFO     | MainThread      | [ViolationManager] [Di sai lan] Track#43 (person) frame#918
2026-06-17 14:45:26 | INFO     | MainThread      | [ViolationManager] [Di nguoc chieu] Track#43 (person) frame#918
2026-06-17 14:45:26 | INFO     | MainThread      | [ViolationManager] [Di sai lan] Track#45 (motorcycle) frame#919
2026-06-17 14:45:26 | INFO     | MainThread      | [ViolationManager] [Di sai lan] Track#46 (bus) frame#928
2026-06-17 14:45:26 | INFO     | MainThread      | [ViolationManager] [Di nguoc chieu] Track#45 (motorcycle) frame#939
2026-06-17 14:45:26 | INFO     | MainThread      | [ViolationManager] [Di sai lan] Track#44 (motorcycle) frame#944
2026-06-17 14:45:26 | INFO     | MainThread      | [ViolationManager] [Di nguoc chieu] Track#46 (car) frame#944
2026-06-17 14:45:27 | INFO     | MainThread      | [ViolationManager] [Di nguoc chieu] Track#47 (car) frame#956
2026-06-17 14:45:27 | INFO     | MainThread      | [ViolationManager] [Di sai lan] Track#47 (car) frame#964
2026-06-17 14:45:27 | INFO     | MainThread      | [ViolationManager] [Di nguoc chieu] Track#26 (person) frame#970
2026-06-17 14:45:28 | INFO     | MainThread      | [ViolationManager] [Di sai lan] Track#48 (person) frame#977
2026-06-17 14:45:28 | INFO     | MainThread      | [ViolationManager] [Di sai lan] Track#49 (motorcycle) frame#985
2026-06-17 14:45:28 | INFO     | MainThread      | [ViolationManager] [Di nguoc chieu] Track#48 (person) frame#992
2026-06-17 14:45:29 | INFO     | MainThread      | [ViolationManager] [Di sai lan] Track#50 (car) frame#1029
2026-06-17 14:45:30 | INFO     | MainThread      | [ViolationManager] [Di sai lan] Track#51 (bus) frame#1036
2026-06-17 14:50:05 | INFO     | MainThread      | [ViolationManager] [Di sai lan] Track#1 (person) frame#1
2026-06-17 14:50:05 | INFO     | MainThread      | [ViolationManager] [Di sai lan] Track#2 (motorcycle) frame#1
2026-06-17 14:50:05 | INFO     | MainThread      | [ViolationManager] [Di sai lan] Track#3 (motorcycle) frame#1
2026-06-17 14:50:05 | INFO     | MainThread      | [ViolationManager] [Di nguoc chieu] Track#1 (person) frame#13
2026-06-17 14:50:05 | INFO     | MainThread      | [ViolationManager] [Di nguoc chieu] Track#2 (motorcycle) frame#13
2026-06-17 14:50:06 | INFO     | MainThread      | [ViolationManager] [Di nguoc chieu] Track#3 (motorcycle) frame#43
2026-06-17 14:50:06 | INFO     | MainThread      | [ViolationManager] [Di sai lan] Track#5 (car) frame#48
2026-06-17 14:50:09 | INFO     | MainThread      | [ViolationManager] [Di nguoc chieu] Track#7 (car) frame#140
2026-06-17 14:50:10 | INFO     | MainThread      | [ViolationManager] [Di nguoc chieu] Track#8 (car) frame#162
2026-06-17 14:50:13 | INFO     | MainThread      | [ViolationManager] [Di sai lan] Track#10 (motorcycle) frame#257
2026-06-17 14:50:13 | INFO     | MainThread      | [ViolationManager] [Di sai lan] Track#11 (bus) frame#259
2026-06-17 14:50:13 | INFO     | MainThread      | [ViolationManager] [Di nguoc chieu] Track#10 (motorcycle) frame#262
2026-06-17 14:50:14 | INFO     | MainThread      | [ViolationManager] [Di sai lan] Track#13 (person) frame#269
2026-06-17 14:50:14 | INFO     | MainThread      | [ViolationManager] [Di sai lan] Track#1 (person) frame#298
2026-06-17 14:50:17 | INFO     | MainThread      | [ViolationManager] [Di sai lan] Track#18 (motorcycle) frame#369
2026-06-17 14:50:20 | INFO     | MainThread      | [ViolationManager] [Di nguoc chieu] Track#1 (motorcycle) frame#468
2026-06-17 14:50:21 | INFO     | MainThread      | [ViolationManager] [Di sai lan] Track#20 (person) frame#497
2026-06-17 14:50:21 | INFO     | MainThread      | [ViolationManager] [Di sai lan] Track#19 (person) frame#499
2026-06-17 14:50:22 | INFO     | MainThread      | [ViolationManager] [Di nguoc chieu] Track#19 (person) frame#515
2026-06-17 14:50:22 | INFO     | MainThread      | [ViolationManager] [Di nguoc chieu] Track#20 (motorcycle) frame#515
2026-06-17 14:50:24 | INFO     | MainThread      | [ViolationManager] [Di sai lan] Track#21 (person) frame#577
2026-06-17 14:50:24 | INFO     | MainThread      | [ViolationManager] [Di nguoc chieu] Track#21 (person) frame#588
2026-06-17 14:50:24 | INFO     | MainThread      | [ViolationManager] [Di sai lan] Track#1 (motorcycle) frame#598
2026-06-17 14:50:26 | INFO     | MainThread      | [ViolationManager] [Di nguoc chieu] Track#18 (motorcycle) frame#659
2026-06-17 14:50:27 | INFO     | MainThread      | [ViolationManager] [Di sai lan] Track#18 (motorcycle) frame#669
2026-06-17 14:50:28 | INFO     | MainThread      | [ViolationManager] [Di sai lan] Track#27 (motorcycle) frame#681
2026-06-17 14:50:28 | INFO     | MainThread      | [ViolationManager] [Di nguoc chieu] Track#27 (motorcycle) frame#712
2026-06-17 14:50:33 | INFO     | MainThread      | [ViolationManager] [Di nguoc chieu] Track#30 (car) frame#3
2026-06-17 14:50:33 | INFO     | MainThread      | [ViolationManager] [Di nguoc chieu] Track#29 (car) frame#12
2026-06-17 14:50:34 | INFO     | MainThread      | [ViolationManager] [Di nguoc chieu] Track#31 (car) frame#42
2026-06-17 14:50:34 | INFO     | MainThread      | [ViolationManager] [De vach dung] Track#30 (car) frame#45
2026-06-17 14:50:34 | INFO     | MainThread      | [ViolationManager] [Vuot den do] Track#30 (car) frame#46
2026-06-17 14:50:34 | INFO     | MainThread      | [ViolationManager] [Di sai lan] Track#30 (car) frame#48
2026-06-17 14:50:34 | INFO     | MainThread      | [ViolationManager] [Di sai lan] Track#32 (car) frame#55
2026-06-17 14:50:34 | INFO     | MainThread      | [ViolationManager] [Di nguoc chieu] Track#32 (car) frame#56
2026-06-17 14:50:35 | INFO     | MainThread      | [ViolationManager] [De vach dung] Track#29 (car) frame#76
2026-06-17 14:50:35 | INFO     | MainThread      | [ViolationManager] [Vuot den do] Track#29 (car) frame#77
2026-06-17 14:50:35 | INFO     | MainThread      | [ViolationManager] [Di nguoc chieu] Track#33 (car) frame#82
2026-06-17 14:50:35 | INFO     | MainThread      | [ViolationManager] [Di sai lan] Track#34 (person) frame#84
2026-06-17 14:50:36 | INFO     | MainThread      | [ViolationManager] [Di sai lan] Track#31 (car) frame#101
2026-06-17 14:50:36 | INFO     | MainThread      | [ViolationManager] [De vach dung] Track#31 (car) frame#102
2026-06-17 14:50:36 | INFO     | MainThread      | [ViolationManager] [Vuot den do] Track#31 (car) frame#104
2026-06-17 14:50:40 | INFO     | MainThread      | [ViolationManager] [Di nguoc chieu] Track#35 (car) frame#207
2026-06-17 14:50:40 | INFO     | MainThread      | [ViolationManager] [Di nguoc chieu] Track#36 (car) frame#232
2026-06-17 14:50:41 | INFO     | MainThread      | [ViolationManager] [Di sai lan] Track#35 (car) frame#257
2026-06-17 14:50:41 | INFO     | MainThread      | [ViolationManager] [De vach dung] Track#35 (car) frame#259
2026-06-17 14:50:41 | INFO     | MainThread      | [ViolationManager] [Vuot den do] Track#35 (car) frame#260
2026-06-17 14:50:41 | INFO     | MainThread      | [ViolationManager] [Di sai lan] Track#37 (car) frame#260
2026-06-17 14:50:41 | INFO     | MainThread      | [ViolationManager] [Di nguoc chieu] Track#37 (car) frame#262
2026-06-17 14:50:42 | INFO     | MainThread      | [ViolationManager] [De vach dung] Track#36 (car) frame#281
2026-06-17 14:50:42 | INFO     | MainThread      | [ViolationManager] [Vuot den do] Track#36 (car) frame#282
2026-06-17 14:50:42 | INFO     | MainThread      | [ViolationManager] [Di nguoc chieu] Track#38 (car) frame#286
2026-06-17 14:50:42 | INFO     | MainThread      | [ViolationManager] [Di nguoc chieu] Track#39 (car) frame#286
2026-06-17 14:50:43 | INFO     | MainThread      | [ViolationManager] [Di nguoc chieu] Track#43 (car) frame#324
2026-06-17 14:50:43 | INFO     | MainThread      | [ViolationManager] [Di nguoc chieu] Track#42 (bus) frame#325
2026-06-17 14:50:43 | INFO     | MainThread      | [ViolationManager] [Di sai lan] Track#39 (car) frame#325
2026-06-17 14:50:44 | INFO     | MainThread      | [ViolationManager] [Di sai lan] Track#42 (bus) frame#328
2026-06-17 14:50:44 | INFO     | MainThread      | [ViolationManager] [De vach dung] Track#38 (car) frame#332
2026-06-17 14:50:44 | INFO     | MainThread      | [ViolationManager] [De vach dung] Track#39 (car) frame#332
2026-06-17 14:50:44 | INFO     | MainThread      | [ViolationManager] [Di sai lan] Track#38 (bus) frame#334
2026-06-17 14:50:44 | INFO     | MainThread      | [ViolationManager] [Di nguoc chieu] Track#40 (car) frame#336
2026-06-17 14:50:44 | INFO     | MainThread      | [ViolationManager] [Di sai lan] Track#43 (car) frame#354
2026-06-17 14:50:45 | INFO     | MainThread      | [ViolationManager] [Di nguoc chieu] Track#44 (car) frame#357
2026-06-17 14:50:45 | INFO     | MainThread      | [ViolationManager] [Di nguoc chieu] Track#45 (person) frame#361
2026-06-17 14:50:45 | INFO     | MainThread      | [ViolationManager] [Di sai lan] Track#45 (person) frame#366
2026-06-17 14:50:45 | INFO     | MainThread      | [ViolationManager] [De vach dung] Track#40 (car) frame#373
2026-06-17 14:50:45 | INFO     | MainThread      | [ViolationManager] [Di nguoc chieu] Track#46 (car) frame#374
2026-06-17 14:50:45 | INFO     | MainThread      | [ViolationManager] [Di sai lan] Track#47 (person) frame#378
2026-06-17 14:50:46 | INFO     | MainThread      | [ViolationManager] [Di sai lan] Track#44 (car) frame#388
2026-06-17 14:50:46 | INFO     | MainThread      | [ViolationManager] [Di sai lan] Track#48 (car) frame#398
2026-06-17 14:50:46 | INFO     | MainThread      | [ViolationManager] [De vach dung] Track#44 (car) frame#398
2026-06-17 14:50:46 | INFO     | MainThread      | [ViolationManager] [Di nguoc chieu] Track#48 (car) frame#400
2026-06-17 14:50:46 | INFO     | MainThread      | [ViolationManager] [Di nguoc chieu] Track#49 (car) frame#404
2026-06-17 14:50:47 | INFO     | MainThread      | [ViolationManager] [Di sai lan] Track#49 (car) frame#426
2026-06-17 14:50:47 | INFO     | MainThread      | [ViolationManager] [Di sai lan] Track#50 (person) frame#429
2026-06-17 14:50:47 | INFO     | MainThread      | [ViolationManager] [Di sai lan] Track#51 (person) frame#432
2026-06-17 14:50:47 | INFO     | MainThread      | [ViolationManager] [Di nguoc chieu] Track#51 (person) frame#433
2026-06-17 14:50:47 | INFO     | MainThread      | [ViolationManager] [De vach dung] Track#49 (car) frame#435
2026-06-17 14:50:47 | INFO     | MainThread      | [ViolationManager] [De vach dung] Track#51 (person) frame#437
2026-06-17 14:52:12 | INFO     | MainThread      | [ViolationManager] [Di sai lan] Track#13 (person) frame#1
2026-06-17 14:52:12 | INFO     | MainThread      | [ViolationManager] [Di sai lan] Track#14 (motorcycle) frame#1
2026-06-17 14:52:12 | INFO     | MainThread      | [ViolationManager] [Di sai lan] Track#15 (motorcycle) frame#1
2026-06-17 14:52:12 | INFO     | MainThread      | [ViolationManager] [Di nguoc chieu] Track#14 (motorcycle) frame#6
2026-06-17 14:52:13 | INFO     | MainThread      | [ViolationManager] [Di nguoc chieu] Track#15 (motorcycle) frame#34
2026-06-17 14:52:13 | INFO     | MainThread      | [ViolationManager] [Di nguoc chieu] Track#13 (person) frame#38
2026-06-17 14:52:13 | INFO     | MainThread      | [ViolationManager] [Di sai lan] Track#17 (car) frame#47
2026-06-17 14:52:13 | INFO     | MainThread      | [ViolationManager] [Di nguoc chieu] Track#17 (car) frame#48
2026-06-17 14:52:16 | INFO     | MainThread      | [ViolationManager] [Di nguoc chieu] Track#19 (car) frame#129
2026-06-17 14:52:17 | INFO     | MainThread      | [ViolationManager] [Di nguoc chieu] Track#21 (car) frame#162
2026-06-17 14:52:20 | INFO     | MainThread      | [ViolationManager] [Di sai lan] Track#23 (motorcycle) frame#244
2026-06-17 14:52:20 | INFO     | MainThread      | [ViolationManager] [Di sai lan] Track#25 (person) frame#258
2026-06-17 14:52:21 | INFO     | MainThread      | [ViolationManager] [Di sai lan] Track#26 (person) frame#269
2026-06-17 14:52:21 | INFO     | MainThread      | [ViolationManager] [Di nguoc chieu] Track#26 (person) frame#272
2026-06-17 14:52:21 | INFO     | MainThread      | [ViolationManager] [Di sai lan] Track#28 (person) frame#281
2026-06-17 14:52:22 | INFO     | MainThread      | [ViolationManager] [Di sai lan] Track#13 (person) frame#303
2026-06-17 14:52:24 | INFO     | MainThread      | [ViolationManager] [Di sai lan] Track#33 (motorcycle) frame#370
2026-06-17 14:52:27 | INFO     | MainThread      | [ViolationManager] [Di nguoc chieu] Track#13 (motorcycle) frame#468
2026-06-17 14:52:28 | INFO     | MainThread      | [ViolationManager] [Di sai lan] Track#34 (person) frame#498
2026-06-17 14:52:29 | INFO     | MainThread      | [ViolationManager] [Di nguoc chieu] Track#34 (person) frame#511
2026-06-17 14:52:29 | INFO     | MainThread      | [ViolationManager] [Di nguoc chieu] Track#35 (motorcycle) frame#513
2026-06-17 14:52:30 | INFO     | MainThread      | [ViolationManager] [Di sai lan] Track#35 (motorcycle) frame#538
2026-06-17 14:52:31 | INFO     | MainThread      | [ViolationManager] [Di sai lan] Track#36 (person) frame#576
2026-06-17 14:52:31 | INFO     | MainThread      | [ViolationManager] [Di sai lan] Track#37 (person) frame#589
2026-06-17 14:52:31 | INFO     | MainThread      | [ViolationManager] [Di nguoc chieu] Track#37 (person) frame#595
2026-06-17 14:52:32 | INFO     | MainThread      | [ViolationManager] [Di sai lan] Track#13 (motorcycle) frame#603
2026-06-17 15:36:01 | INFO     | MainThread      | [ViolationManager] [Di sai lan] Track#24 (person) frame#1
2026-06-17 15:36:01 | INFO     | MainThread      | [ViolationManager] [Di sai lan] Track#25 (motorcycle) frame#1
2026-06-17 15:36:01 | INFO     | MainThread      | [ViolationManager] [Di sai lan] Track#23 (car) frame#1
2026-06-17 15:36:02 | INFO     | MainThread      | [ViolationManager] [Di nguoc chieu] Track#22 (car) frame#3
2026-06-17 15:36:02 | INFO     | MainThread      | [ViolationManager] [Di nguoc chieu] Track#23 (car) frame#3
2026-06-17 15:36:02 | INFO     | MainThread      | [ViolationManager] [Di nguoc chieu] Track#24 (person) frame#12
2026-06-17 15:36:02 | INFO     | MainThread      | [ViolationManager] [Di nguoc chieu] Track#26 (car) frame#27
2026-06-17 15:36:03 | INFO     | MainThread      | [ViolationManager] [Di sai lan] Track#22 (car) frame#27
2026-06-17 15:36:03 | INFO     | MainThread      | [ViolationManager] [Quay dau sai noi quy dinh] Track#26 (car) frame#33
2026-06-17 15:36:05 | INFO     | MainThread      | [ViolationManager] [Di nguoc chieu] Track#25 (motorcycle) frame#117
2026-06-17 15:36:07 | INFO     | MainThread      | [ViolationManager] [Di sai lan] Track#27 (person) frame#157
2026-06-17 15:36:07 | INFO     | MainThread      | [ViolationManager] [Di nguoc chieu] Track#27 (person) frame#176
2026-06-17 15:36:07 | INFO     | MainThread      | [ViolationManager] [Di nguoc chieu] Track#28 (car) frame#176
2026-06-17 15:36:07 | INFO     | MainThread      | [ViolationManager] [Di sai lan] Track#29 (person) frame#176
2026-06-17 15:36:12 | INFO     | MainThread      | [ViolationManager] [Di sai lan] Track#24 (person) frame#308
2026-06-17 15:36:12 | INFO     | MainThread      | [ViolationManager] [Di nguoc chieu] Track#24 (person) frame#308
2026-06-17 15:36:12 | INFO     | MainThread      | [ViolationManager] [Di nguoc chieu] Track#26 (car) frame#321
2026-06-17 15:36:15 | INFO     | MainThread      | [ViolationManager] [Di nguoc chieu] Track#31 (bus) frame#405
2026-06-17 15:36:16 | INFO     | MainThread      | [ViolationManager] [Di sai lan] Track#32 (car) frame#430
2026-06-17 15:36:17 | INFO     | MainThread      | [ViolationManager] [Di nguoc chieu] Track#32 (car) frame#448
2026-06-17 15:36:17 | INFO     | MainThread      | [ViolationManager] [Di sai lan] Track#33 (motorcycle) frame#448
2026-06-17 15:36:17 | INFO     | MainThread      | [ViolationManager] [Di nguoc chieu] Track#33 (motorcycle) frame#454
2026-06-17 15:36:19 | INFO     | MainThread      | [ViolationManager] [Di sai lan] Track#34 (person) frame#510
2026-06-17 15:36:20 | INFO     | MainThread      | [ViolationManager] [Di nguoc chieu] Track#34 (person) frame#545
2026-06-17 15:36:21 | INFO     | MainThread      | [ViolationManager] [Di sai lan] Track#36 (motorcycle) frame#571
2026-06-17 15:36:21 | INFO     | MainThread      | [ViolationManager] [Di nguoc chieu] Track#36 (motorcycle) frame#571
2026-06-17 15:36:22 | INFO     | MainThread      | [ViolationManager] [Di sai lan] Track#41 (person) frame#598
2026-06-17 15:36:23 | INFO     | MainThread      | [ViolationManager] [Di nguoc chieu] Track#44 (car) frame#617
2026-06-17 15:36:23 | INFO     | MainThread      | [ViolationManager] [Di nguoc chieu] Track#39 (motorcycle) frame#623
2026-06-17 15:36:23 | INFO     | MainThread      | [ViolationManager] [Di nguoc chieu] Track#45 (car) frame#629
2026-06-17 15:36:23 | INFO     | MainThread      | [ViolationManager] [Di nguoc chieu] Track#41 (person) frame#642
2026-06-17 15:36:24 | INFO     | MainThread      | [ViolationManager] [Di sai lan] Track#47 (car) frame#655
2026-06-17 15:36:37 | INFO     | MainThread      | [ViolationManager] [Di sai lan] Track#48 (person) frame#1
2026-06-17 15:36:37 | INFO     | MainThread      | [ViolationManager] [Di sai lan] Track#49 (motorcycle) frame#1
2026-06-17 15:36:37 | INFO     | MainThread      | [ViolationManager] [Di sai lan] Track#50 (motorcycle) frame#1
2026-06-17 15:36:37 | INFO     | MainThread      | [ViolationManager] [Di nguoc chieu] Track#49 (motorcycle) frame#6
2026-06-17 15:36:37 | INFO     | MainThread      | [ViolationManager] [Di nguoc chieu] Track#48 (person) frame#14
2026-06-17 15:36:38 | INFO     | MainThread      | [ViolationManager] [Di nguoc chieu] Track#50 (motorcycle) frame#34
2026-06-17 15:36:38 | INFO     | MainThread      | [ViolationManager] [Di sai lan] Track#51 (car) frame#48
2026-06-17 15:36:43 | INFO     | MainThread      | [ViolationManager] [Di nguoc chieu] Track#54 (car) frame#169
2026-06-17 15:36:46 | INFO     | MainThread      | [ViolationManager] [Di sai lan] Track#56 (motorcycle) frame#256
2026-06-17 15:36:46 | INFO     | MainThread      | [ViolationManager] [Di nguoc chieu] Track#56 (motorcycle) frame#261
2026-06-17 15:36:47 | INFO     | MainThread      | [ViolationManager] [Di sai lan] Track#48 (person) frame#294
2026-06-17 15:36:54 | INFO     | MainThread      | [ViolationManager] [Di nguoc chieu] Track#48 (person) frame#496
2026-06-17 15:36:54 | INFO     | MainThread      | [ViolationManager] [Di sai lan] Track#64 (person) frame#501
2026-06-17 15:36:54 | INFO     | MainThread      | [ViolationManager] [Di sai lan] Track#65 (person) frame#507
2026-06-17 15:36:54 | INFO     | MainThread      | [ViolationManager] [Di nguoc chieu] Track#65 (person) frame#508
2026-06-17 17:02:49 | INFO     | MainThread      | [ViolationManager] [Di sai lan] Track#71 (car) frame#2
2026-06-17 17:02:49 | INFO     | MainThread      | [ViolationManager] [Di sai lan] Track#72 (car) frame#2
2026-06-17 17:02:49 | INFO     | MainThread      | [ViolationManager] [Di sai lan] Track#73 (car) frame#2
2026-06-17 17:02:49 | INFO     | MainThread      | [ViolationManager] [Di sai lan] Track#74 (car) frame#2
2026-06-17 17:02:49 | INFO     | MainThread      | [ViolationManager] [Di sai lan] Track#78 (car) frame#2
2026-06-17 17:02:49 | INFO     | MainThread      | [ViolationManager] [Di nguoc chieu] Track#72 (car) frame#4
2026-06-17 17:02:49 | INFO     | MainThread      | [ViolationManager] [Di nguoc chieu] Track#74 (car) frame#9
2026-06-17 17:02:49 | INFO     | MainThread      | [ViolationManager] [Di nguoc chieu] Track#78 (car) frame#9
2026-06-17 17:02:49 | INFO     | MainThread      | [ViolationManager] [Di sai lan] Track#81 (car) frame#15
2026-06-17 17:02:49 | INFO     | MainThread      | [ViolationManager] [Di sai lan] Track#82 (car) frame#15
2026-06-17 17:02:50 | INFO     | MainThread      | [ViolationManager] [Di sai lan] Track#80 (car) frame#19
2026-06-17 17:02:50 | INFO     | MainThread      | [ViolationManager] [Di nguoc chieu] Track#81 (car) frame#19
2026-06-17 17:02:50 | INFO     | MainThread      | [ViolationManager] [Di nguoc chieu] Track#82 (car) frame#23
2026-06-17 17:02:50 | INFO     | MainThread      | [ViolationManager] [Di sai lan] Track#84 (car) frame#45
2026-06-17 17:02:51 | INFO     | MainThread      | [ViolationManager] [Di sai lan] Track#86 (car) frame#49
2026-06-17 17:02:51 | INFO     | MainThread      | [ViolationManager] [Di nguoc chieu] Track#86 (car) frame#55
2026-06-17 17:02:52 | INFO     | MainThread      | [ViolationManager] [Di nguoc chieu] Track#84 (car) frame#93
2026-06-17 17:02:52 | INFO     | MainThread      | [ViolationManager] [Di nguoc chieu] Track#88 (car) frame#101
2026-06-17 17:02:52 | INFO     | MainThread      | [ViolationManager] [Di nguoc chieu] Track#87 (car) frame#103
2026-06-17 17:02:53 | INFO     | MainThread      | [ViolationManager] [Quay dau sai noi quy dinh] Track#87 (car) frame#117
2026-06-17 17:02:54 | INFO     | MainThread      | [ViolationManager] [Di sai lan] Track#89 (car) frame#143
2026-06-17 17:02:54 | INFO     | MainThread      | [ViolationManager] [Di sai lan] Track#90 (car) frame#151
2026-06-17 17:02:54 | INFO     | MainThread      | [ViolationManager] [Di sai lan] Track#92 (car) frame#157
2026-06-17 17:02:54 | INFO     | MainThread      | [ViolationManager] [Di nguoc chieu] Track#90 (car) frame#159
2026-06-17 17:02:55 | INFO     | MainThread      | [ViolationManager] [Di nguoc chieu] Track#89 (car) frame#189
2026-06-17 17:02:57 | INFO     | MainThread      | [ViolationManager] [Di sai lan] Track#96 (car) frame#233
2026-06-17 17:02:57 | INFO     | MainThread      | [ViolationManager] [Di sai lan] Track#97 (car) frame#241
2026-06-17 17:02:57 | INFO     | MainThread      | [ViolationManager] [Di nguoc chieu] Track#97 (car) frame#251
2026-06-17 17:02:57 | INFO     | MainThread      | [ViolationManager] [De vach dung] Track#70 (car) frame#255
2026-06-17 17:02:57 | INFO     | MainThread      | [ViolationManager] [Di sai lan] Track#98 (car) frame#257
2026-06-17 17:02:58 | INFO     | MainThread      | [ViolationManager] [Di sai lan] Track#99 (car) frame#259
2026-06-17 17:02:58 | INFO     | MainThread      | [ViolationManager] [Di sai lan] Track#101 (car) frame#267
2026-06-17 17:02:59 | INFO     | MainThread      | [ViolationManager] [Di nguoc chieu] Track#100 (car) frame#289
2026-06-17 17:02:59 | INFO     | MainThread      | [ViolationManager] [Di nguoc chieu] Track#95 (car) frame#291
2026-06-17 17:02:59 | INFO     | MainThread      | [ViolationManager] [Di sai lan] Track#71 (car) frame#303
2026-06-17 17:02:59 | INFO     | MainThread      | [ViolationManager] [Di sai lan] Track#73 (car) frame#303
2026-06-17 17:03:00 | INFO     | MainThread      | [ViolationManager] [De vach dung] Track#71 (car) frame#326
2026-06-17 17:03:00 | INFO     | MainThread      | [ViolationManager] [Di nguoc chieu] Track#70 (car) frame#328
2026-06-17 17:03:00 | INFO     | MainThread      | [ViolationManager] [Di nguoc chieu] Track#99 (car) frame#334
2026-06-17 17:03:00 | INFO     | MainThread      | [ViolationManager] [Di sai lan] Track#106 (car) frame#336
2026-06-17 17:03:00 | INFO     | MainThread      | [ViolationManager] [Di nguoc chieu] Track#103 (car) frame#338
2026-06-17 17:03:00 | INFO     | MainThread      | [ViolationManager] [Di nguoc chieu] Track#106 (car) frame#342
2026-06-17 17:03:01 | INFO     | MainThread      | [ViolationManager] [Di sai lan] Track#108 (car) frame#352
2026-06-17 17:03:01 | INFO     | MainThread      | [ViolationManager] [Di nguoc chieu] Track#108 (car) frame#362
2026-06-17 17:03:01 | INFO     | MainThread      | [ViolationManager] [Di sai lan] Track#109 (car) frame#370
2026-06-17 17:03:01 | INFO     | MainThread      | [ViolationManager] [Di nguoc chieu] Track#109 (car) frame#372
2026-06-17 17:03:01 | INFO     | MainThread      | [ViolationManager] [Di nguoc chieu] Track#73 (car) frame#374
2026-06-17 17:03:03 | INFO     | MainThread      | [ViolationManager] [De vach dung] Track#111 (car) frame#410
2026-06-17 17:03:03 | INFO     | MainThread      | [ViolationManager] [De vach dung] Track#95 (car) frame#418
2026-06-17 17:03:03 | INFO     | MainThread      | [ViolationManager] [Di sai lan] Track#112 (car) frame#434
2026-06-17 17:03:03 | INFO     | MainThread      | [ViolationManager] [Di nguoc chieu] Track#112 (car) frame#436
2026-06-17 17:03:03 | INFO     | MainThread      | [ViolationManager] [De vach dung] Track#83 (car) frame#436
2026-06-17 17:03:04 | INFO     | MainThread      | [ViolationManager] [Di nguoc chieu] Track#79 (car) frame#452
2026-06-17 17:03:04 | INFO     | MainThread      | [ViolationManager] [Di nguoc chieu] Track#83 (car) frame#468
2026-06-17 17:03:05 | INFO     | MainThread      | [ViolationManager] [Di nguoc chieu] Track#87 (car) frame#498
2026-06-17 17:03:06 | INFO     | MainThread      | [ViolationManager] [Di sai lan] Track#113 (car) frame#506
2026-06-17 17:03:06 | INFO     | MainThread      | [ViolationManager] [Di nguoc chieu] Track#113 (car) frame#512
2026-06-17 17:03:07 | INFO     | MainThread      | [ViolationManager] [Di sai lan] Track#114 (car) frame#530
2026-06-17 17:03:07 | INFO     | MainThread      | [ViolationManager] [Di nguoc chieu] Track#111 (car) frame#532
2026-06-17 17:03:07 | INFO     | MainThread      | [ViolationManager] [Di nguoc chieu] Track#114 (car) frame#532
2026-06-17 17:03:08 | INFO     | MainThread      | [ViolationManager] [De vach dung] Track#87 (car) frame#562
2026-06-17 17:03:08 | INFO     | MainThread      | [ViolationManager] [Di sai lan] Track#101 (car) frame#568
2026-06-17 17:03:08 | INFO     | MainThread      | [ViolationManager] [Di sai lan] Track#115 (car) frame#580
2026-06-17 17:03:08 | INFO     | MainThread      | [ViolationManager] [De vach dung] Track#101 (car) frame#582
2026-06-17 17:03:09 | INFO     | MainThread      | [ViolationManager] [Di sai lan] Track#117 (car) frame#590
2026-06-17 17:03:09 | INFO     | MainThread      | [ViolationManager] [Di nguoc chieu] Track#117 (car) frame#592
2026-06-17 17:13:32 | INFO     | MainThread      | [ViolationManager] [Di sai lan] Track#50 (car) frame#2
2026-06-17 17:13:32 | INFO     | MainThread      | [ViolationManager] [Di sai lan] Track#51 (car) frame#2
2026-06-17 17:13:32 | INFO     | MainThread      | [ViolationManager] [Di sai lan] Track#52 (car) frame#2
2026-06-17 17:13:32 | INFO     | MainThread      | [ViolationManager] [Di sai lan] Track#53 (car) frame#2
2026-06-17 17:13:32 | INFO     | MainThread      | [ViolationManager] [Di sai lan] Track#57 (car) frame#2
2026-06-17 17:13:32 | INFO     | MainThread      | [ViolationManager] [Di nguoc chieu] Track#51 (car) frame#4
2026-06-17 17:13:32 | INFO     | MainThread      | [ViolationManager] [Di nguoc chieu] Track#53 (car) frame#8
2026-06-17 17:13:32 | INFO     | MainThread      | [ViolationManager] [Di nguoc chieu] Track#57 (car) frame#8
2026-06-17 17:13:32 | INFO     | MainThread      | [ViolationManager] [Di sai lan] Track#59 (car) frame#14
2026-06-17 17:13:33 | INFO     | MainThread      | [ViolationManager] [Di sai lan] Track#60 (car) frame#16
2026-06-17 17:13:33 | INFO     | MainThread      | [ViolationManager] [Di sai lan] Track#61 (car) frame#18
2026-06-17 17:13:33 | INFO     | MainThread      | [ViolationManager] [Di nguoc chieu] Track#60 (car) frame#20
2026-06-17 17:13:33 | INFO     | MainThread      | [ViolationManager] [Di nguoc chieu] Track#59 (car) frame#24
2026-06-17 17:13:33 | INFO     | MainThread      | [ViolationManager] [Di sai lan] Track#63 (car) frame#44
2026-06-17 17:13:34 | INFO     | MainThread      | [ViolationManager] [Di sai lan] Track#65 (car) frame#50
2026-06-17 17:13:34 | INFO     | MainThread      | [ViolationManager] [Di nguoc chieu] Track#65 (car) frame#52
2026-06-17 17:13:35 | INFO     | MainThread      | [ViolationManager] [Di nguoc chieu] Track#66 (car) frame#102
2026-06-17 17:13:36 | INFO     | MainThread      | [ViolationManager] [Di nguoc chieu] Track#63 (car) frame#106
2026-06-17 17:13:36 | INFO     | MainThread      | [ViolationManager] [Di nguoc chieu] Track#67 (car) frame#110
2026-06-17 17:13:36 | INFO     | MainThread      | [ViolationManager] [Quay dau sai noi quy dinh] Track#66 (car) frame#114
2026-06-17 17:13:37 | INFO     | MainThread      | [ViolationManager] [Di sai lan] Track#68 (car) frame#142
2026-06-17 17:13:37 | INFO     | MainThread      | [ViolationManager] [Quay dau sai noi quy dinh] Track#67 (car) frame#144
2026-06-17 17:13:37 | INFO     | MainThread      | [ViolationManager] [Di sai lan] Track#69 (car) frame#150
2026-06-17 17:13:37 | INFO     | MainThread      | [ViolationManager] [Di sai lan] Track#70 (car) frame#158
2026-06-17 17:13:37 | INFO     | MainThread      | [ViolationManager] [Di nguoc chieu] Track#69 (car) frame#164
2026-06-17 17:13:39 | INFO     | MainThread      | [ViolationManager] [Di sai lan] Track#72 (car) frame#216
2026-06-17 17:13:39 | INFO     | MainThread      | [ViolationManager] [Di nguoc chieu] Track#72 (car) frame#218
2026-06-17 17:13:40 | INFO     | MainThread      | [ViolationManager] [Di sai lan] Track#75 (car) frame#232
2026-06-17 17:13:40 | INFO     | MainThread      | [ViolationManager] [Quay dau sai noi quy dinh] Track#62 (car) frame#236
2026-06-17 17:13:40 | INFO     | MainThread      | [ViolationManager] [Di sai lan] Track#76 (car) frame#242
2026-06-17 17:13:41 | INFO     | MainThread      | [ViolationManager] [Di sai lan] Track#78 (car) frame#258
2026-06-17 17:13:41 | INFO     | MainThread      | [ViolationManager] [De vach dung] Track#49 (car) frame#260
2026-06-17 17:13:41 | INFO     | MainThread      | [ViolationManager] [Di nguoc chieu] Track#77 (car) frame#264
2026-06-17 17:13:41 | INFO     | MainThread      | [ViolationManager] [Di nguoc chieu] Track#76 (car) frame#272
2026-06-17 17:13:41 | INFO     | MainThread      | [ViolationManager] [Di sai lan] Track#79 (car) frame#272
2026-06-17 17:13:41 | INFO     | MainThread      | [ViolationManager] [Di sai lan] Track#80 (car) frame#280
2026-06-17 17:13:42 | INFO     | MainThread      | [ViolationManager] [Di nguoc chieu] Track#58 (car) frame#288
2026-06-17 17:13:42 | INFO     | MainThread      | [ViolationManager] [Di nguoc chieu] Track#74 (car) frame#290
2026-06-17 17:13:42 | INFO     | MainThread      | [ViolationManager] [Di sai lan] Track#50 (car) frame#302
2026-06-17 17:13:42 | INFO     | MainThread      | [ViolationManager] [Di sai lan] Track#52 (car) frame#302
2026-06-17 17:13:42 | INFO     | MainThread      | [ViolationManager] [Di sai lan] Track#82 (car) frame#304
2026-06-17 17:13:42 | INFO     | MainThread      | [ViolationManager] [Quay dau sai noi quy dinh] Track#58 (car) frame#308
2026-06-17 17:13:43 | INFO     | MainThread      | [ViolationManager] [De vach dung] Track#50 (car) frame#326
2026-06-17 17:13:43 | INFO     | MainThread      | [ViolationManager] [Di nguoc chieu] Track#78 (car) frame#334
2026-06-17 17:13:43 | INFO     | MainThread      | [ViolationManager] [Di nguoc chieu] Track#49 (car) frame#336
2026-06-17 17:13:43 | INFO     | MainThread      | [ViolationManager] [Di sai lan] Track#86 (car) frame#336
2026-06-17 17:13:43 | INFO     | MainThread      | [ViolationManager] [Di nguoc chieu] Track#83 (car) frame#338
2026-06-17 17:13:43 | INFO     | MainThread      | [ViolationManager] [Di nguoc chieu] Track#86 (car) frame#342
2026-06-17 17:13:44 | INFO     | MainThread      | [ViolationManager] [Di sai lan] Track#88 (car) frame#352
2026-06-17 17:13:44 | INFO     | MainThread      | [ViolationManager] [Di nguoc chieu] Track#88 (car) frame#361
2026-06-17 17:13:44 | INFO     | MainThread      | [ViolationManager] [Di sai lan] Track#89 (car) frame#369
2026-06-17 18:22:44 | INFO     | MainThread      | [ViolationManager] [Di nguoc chieu] Track#21 (car) frame#4
2026-06-17 18:22:44 | INFO     | MainThread      | [ViolationManager] [Di nguoc chieu] Track#22 (car) frame#6
2026-06-17 18:22:45 | INFO     | MainThread      | [ViolationManager] [Di nguoc chieu] Track#23 (car) frame#30
2026-06-17 18:22:45 | INFO     | MainThread      | [ViolationManager] [De vach dung] Track#21 (car) frame#47
2026-06-17 18:22:46 | INFO     | MainThread      | [ViolationManager] [Vuot den do] Track#21 (car) frame#50
2026-06-17 18:22:46 | INFO     | MainThread      | [ViolationManager] [Di sai lan] Track#21 (car) frame#50
2026-06-17 18:22:46 | INFO     | MainThread      | [ViolationManager] [De vach dung] Track#22 (car) frame#76
2026-06-17 18:22:47 | INFO     | MainThread      | [ViolationManager] [Vuot den do] Track#22 (car) frame#79
2026-06-17 18:22:47 | INFO     | MainThread      | [ViolationManager] [Di sai lan] Track#24 (person) frame#84
2026-06-17 18:22:47 | INFO     | MainThread      | [ViolationManager] [Di sai lan] Track#25 (car) frame#103
2026-06-17 18:22:47 | INFO     | MainThread      | [ViolationManager] [Di nguoc chieu] Track#25 (car) frame#107
2026-06-17 18:22:51 | INFO     | MainThread      | [ViolationManager] [Di nguoc chieu] Track#26 (car) frame#208
2026-06-17 18:22:52 | INFO     | MainThread      | [ViolationManager] [Di nguoc chieu] Track#27 (car) frame#233
2026-06-17 18:22:52 | INFO     | MainThread      | [ViolationManager] [Di sai lan] Track#26 (car) frame#259
2026-06-17 18:22:53 | INFO     | MainThread      | [ViolationManager] [De vach dung] Track#26 (car) frame#262
2026-06-17 18:22:53 | INFO     | MainThread      | [ViolationManager] [Di sai lan] Track#28 (car) frame#262
2026-06-17 18:22:53 | INFO     | MainThread      | [ViolationManager] [Vuot den do] Track#26 (car) frame#266
2026-06-17 18:22:53 | INFO     | MainThread      | [ViolationManager] [De vach dung] Track#28 (car) frame#266
2026-06-17 18:22:53 | INFO     | MainThread      | [ViolationManager] [Vuot den do] Track#28 (car) frame#269
2026-06-17 18:22:53 | INFO     | MainThread      | [ViolationManager] [Di nguoc chieu] Track#28 (car) frame#269
2026-06-17 18:22:54 | INFO     | MainThread      | [ViolationManager] [Di nguoc chieu] Track#29 (car) frame#289
2026-06-17 18:22:54 | INFO     | MainThread      | [ViolationManager] [Di nguoc chieu] Track#30 (car) frame#289
2026-06-17 18:22:54 | INFO     | MainThread      | [ViolationManager] [Di nguoc chieu] Track#31 (car) frame#295
2026-06-17 18:22:55 | INFO     | MainThread      | [ViolationManager] [Di sai lan] Track#30 (car) frame#322
2026-06-17 18:22:55 | INFO     | MainThread      | [ViolationManager] [Di nguoc chieu] Track#33 (car) frame#325
2026-06-17 18:22:56 | INFO     | MainThread      | [ViolationManager] [De vach dung] Track#30 (car) frame#333
2026-06-17 18:22:56 | INFO     | MainThread      | [ViolationManager] [De vach dung] Track#31 (bus) frame#333
2026-06-17 18:22:56 | INFO     | MainThread      | [ViolationManager] [Di sai lan] Track#31 (bus) frame#333
2026-06-17 18:22:56 | INFO     | MainThread      | [ViolationManager] [Di nguoc chieu] Track#34 (car) frame#340
2026-06-17 18:22:56 | INFO     | MainThread      | [ViolationManager] [Di sai lan] Track#35 (car) frame#354
2026-06-17 18:22:56 | INFO     | MainThread      | [ViolationManager] [Di sai lan] Track#37 (car) frame#367
2026-06-17 18:22:56 | INFO     | MainThread      | [ViolationManager] [Di nguoc chieu] Track#38 (car) frame#372
2026-06-17 18:22:56 | INFO     | MainThread      | [ViolationManager] [Di sai lan] Track#39 (person) frame#372
2026-06-17 18:22:57 | INFO     | MainThread      | [ViolationManager] [De vach dung] Track#34 (car) frame#374
2026-06-17 18:22:57 | INFO     | MainThread      | [ViolationManager] [De vach dung] Track#27 (car) frame#374
2026-06-17 18:22:57 | INFO     | MainThread      | [ViolationManager] [Di sai lan] Track#40 (person) frame#378
2026-06-17 18:22:57 | INFO     | MainThread      | [ViolationManager] [Vuot den do] Track#34 (car) frame#378
2026-06-17 18:22:57 | INFO     | MainThread      | [ViolationManager] [Vuot den do] Track#27 (car) frame#378
2026-06-17 18:22:57 | INFO     | MainThread      | [ViolationManager] [Di sai lan] Track#38 (car) frame#391
2026-06-17 18:22:58 | INFO     | MainThread      | [ViolationManager] [Di nguoc chieu] Track#36 (car) frame#407
2026-06-17 18:22:58 | INFO     | MainThread      | [ViolationManager] [Di nguoc chieu] Track#35 (car) frame#429
2026-06-17 18:22:58 | INFO     | MainThread      | [ViolationManager] [Di sai lan] Track#41 (person) frame#433
2026-06-17 18:22:58 | INFO     | MainThread      | [ViolationManager] [Di sai lan] Track#42 (person) frame#435
2026-06-17 18:22:59 | INFO     | MainThread      | [ViolationManager] [De vach dung] Track#35 (car) frame#435
2026-06-17 18:22:59 | INFO     | MainThread      | [ViolationManager] [Di sai lan] Track#43 (person) frame#437
2026-06-17 18:22:59 | INFO     | MainThread      | [ViolationManager] [Vuot den do] Track#35 (car) frame#437
2026-06-17 18:23:06 | INFO     | MainThread      | [ViolationManager] [Di nguoc chieu] Track#44 (car) frame#6
2026-06-17 18:23:06 | INFO     | MainThread      | [ViolationManager] [Di nguoc chieu] Track#45 (car) frame#6
2026-06-17 18:23:07 | INFO     | MainThread      | [ViolationManager] [Di nguoc chieu] Track#46 (car) frame#30
2026-06-17 18:23:08 | INFO     | MainThread      | [ViolationManager] [De vach dung] Track#44 (car) frame#47
2026-06-17 18:23:08 | INFO     | MainThread      | [ViolationManager] [Vuot den do] Track#44 (car) frame#51
2026-06-17 18:23:08 | INFO     | MainThread      | [ViolationManager] [Di sai lan] Track#44 (car) frame#51
2026-06-17 18:23:09 | INFO     | MainThread      | [ViolationManager] [De vach dung] Track#45 (car) frame#77
2026-06-17 18:23:09 | INFO     | MainThread      | [ViolationManager] [Vuot den do] Track#45 (car) frame#81
2026-06-17 18:23:10 | INFO     | MainThread      | [ViolationManager] [De vach dung] Track#46 (car) frame#105
2026-06-17 18:23:10 | INFO     | MainThread      | [ViolationManager] [Di sai lan] Track#46 (car) frame#105
2026-06-17 18:23:10 | INFO     | MainThread      | [ViolationManager] [Vuot den do] Track#46 (car) frame#109
2026-06-17 18:23:13 | INFO     | MainThread      | [ViolationManager] [Di nguoc chieu] Track#47 (car) frame#210
2026-06-17 18:23:14 | INFO     | MainThread      | [ViolationManager] [Di nguoc chieu] Track#48 (car) frame#237
2026-06-17 18:23:15 | INFO     | MainThread      | [ViolationManager] [Di nguoc chieu] Track#49 (car) frame#260
2026-06-17 18:23:15 | INFO     | MainThread      | [ViolationManager] [Di sai lan] Track#50 (car) frame#260
2026-06-17 18:23:15 | INFO     | MainThread      | [ViolationManager] [De vach dung] Track#47 (car) frame#260
2026-06-17 18:23:15 | INFO     | MainThread      | [ViolationManager] [Di sai lan] Track#47 (car) frame#260
2026-06-17 18:23:15 | INFO     | MainThread      | [ViolationManager] [Vuot den do] Track#47 (car) frame#263
2026-06-17 18:23:15 | INFO     | MainThread      | [ViolationManager] [Di nguoc chieu] Track#50 (car) frame#270
2026-06-17 18:23:21 | INFO     | MainThread      | [ViolationManager] [Di sai lan] Track#52 (person) frame#2
2026-06-17 18:23:21 | INFO     | MainThread      | [ViolationManager] [Di sai lan] Track#53 (motorcycle) frame#2
2026-06-17 18:23:21 | INFO     | MainThread      | [ViolationManager] [Di nguoc chieu] Track#51 (car) frame#4
2026-06-17 18:23:21 | INFO     | MainThread      | [ViolationManager] [Di sai lan] Track#54 (car) frame#4
2026-06-17 18:23:22 | INFO     | MainThread      | [ViolationManager] [Di nguoc chieu] Track#54 (car) frame#8
2026-06-17 18:23:22 | INFO     | MainThread      | [ViolationManager] [Di sai lan] Track#55 (car) frame#12
2026-06-17 18:23:22 | INFO     | MainThread      | [ViolationManager] [Di nguoc chieu] Track#52 (person) frame#18
2026-06-17 18:23:22 | INFO     | MainThread      | [ViolationManager] [Di nguoc chieu] Track#55 (car) frame#18
2026-06-17 18:23:22 | INFO     | MainThread      | [ViolationManager] [Di sai lan] Track#51 (car) frame#31
2026-06-17 18:23:23 | INFO     | MainThread      | [ViolationManager] [Quay dau sai noi quy dinh] Track#48 (car) frame#50
2026-06-17 18:23:24 | INFO     | MainThread      | [ViolationManager] [Di sai lan] Track#56 (person) frame#80
2026-06-17 18:23:24 | INFO     | MainThread      | [ViolationManager] [Di nguoc chieu] Track#48 (car) frame#90
2026-06-17 18:23:25 | INFO     | MainThread      | [ViolationManager] [Di nguoc chieu] Track#53 (motorcycle) frame#110
2026-06-17 18:23:26 | INFO     | MainThread      | [ViolationManager] [Di sai lan] Track#58 (person) frame#153
2026-06-17 18:23:27 | INFO     | MainThread      | [ViolationManager] [Di nguoc chieu] Track#58 (person) frame#160
2026-06-17 18:23:27 | INFO     | MainThread      | [ViolationManager] [Di sai lan] Track#60 (person) frame#177
2026-06-17 18:23:29 | INFO     | MainThread      | [ViolationManager] [Di sai lan] Track#61 (bus) frame#242
2026-06-17 18:23:32 | INFO     | MainThread      | [ViolationManager] [Di sai lan] Track#52 (person) frame#318
2026-06-17 18:23:33 | INFO     | MainThread      | [ViolationManager] [Di nguoc chieu] Track#52 (person) frame#318
2026-06-17 18:23:33 | INFO     | MainThread      | [ViolationManager] [Di sai lan] Track#62 (person) frame#351
2026-06-17 18:23:35 | INFO     | MainThread      | [ViolationManager] [Di nguoc chieu] Track#48 (car) frame#396
2026-06-17 18:23:35 | INFO     | MainThread      | [ViolationManager] [Di nguoc chieu] Track#63 (bus) frame#414
2026-06-17 18:23:36 | INFO     | MainThread      | [ViolationManager] [Di sai lan] Track#64 (car) frame#427
2026-06-17 18:23:36 | INFO     | MainThread      | [ViolationManager] [Di nguoc chieu] Track#64 (car) frame#432
2026-06-17 18:23:36 | INFO     | MainThread      | [ViolationManager] [Di sai lan] Track#65 (motorcycle) frame#443
2026-06-17 18:23:36 | INFO     | MainThread      | [ViolationManager] [Di nguoc chieu] Track#65 (motorcycle) frame#447
2026-06-17 18:23:36 | INFO     | MainThread      | [ViolationManager] [Di sai lan] Track#66 (car) frame#447
2026-06-17 18:23:37 | INFO     | MainThread      | [ViolationManager] [Di nguoc chieu] Track#66 (car) frame#451
2026-06-17 18:23:38 | INFO     | MainThread      | [ViolationManager] [Di sai lan] Track#68 (person) frame#507
2026-06-17 18:23:39 | INFO     | MainThread      | [ViolationManager] [Di nguoc chieu] Track#68 (person) frame#511
2026-06-17 18:23:39 | INFO     | MainThread      | [ViolationManager] [Di sai lan] Track#70 (person) frame#528
2026-06-17 18:23:39 | INFO     | MainThread      | [ViolationManager] [Di nguoc chieu] Track#69 (car) frame#534
2026-06-17 18:23:40 | INFO     | MainThread      | [ViolationManager] [Di sai lan] Track#71 (car) frame#561
2026-06-17 18:23:41 | INFO     | MainThread      | [ViolationManager] [Di nguoc chieu] Track#71 (car) frame#569
2026-06-17 18:23:41 | INFO     | MainThread      | [ViolationManager] [Di sai lan] Track#67 (motorcycle) frame#574
2026-06-17 18:23:41 | INFO     | MainThread      | [ViolationManager] [Di nguoc chieu] Track#67 (motorcycle) frame#574
2026-06-17 18:23:41 | INFO     | MainThread      | [ViolationManager] [Di nguoc chieu] Track#72 (car) frame#578
2026-06-17 18:23:41 | INFO     | MainThread      | [ViolationManager] [Di sai lan] Track#74 (person) frame#595
2026-06-17 18:23:42 | INFO     | MainThread      | [ViolationManager] [Di nguoc chieu] Track#73 (motorcycle) frame#625
2026-06-17 18:23:43 | INFO     | MainThread      | [ViolationManager] [Di nguoc chieu] Track#74 (person) frame#636
2026-06-17 18:23:43 | INFO     | MainThread      | [ViolationManager] [Di nguoc chieu] Track#76 (car) frame#655
2026-06-17 18:23:45 | INFO     | MainThread      | [ViolationManager] [Di nguoc chieu] Track#81 (car) frame#700
2026-06-17 18:23:46 | INFO     | MainThread      | [ViolationManager] [Di sai lan] Track#72 (car) frame#717
2026-06-17 18:23:47 | INFO     | MainThread      | [ViolationManager] [Di nguoc chieu] Track#75 (car) frame#762
2026-06-17 18:23:47 | INFO     | MainThread      | [ViolationManager] [Di sai lan] Track#86 (motorcycle) frame#771
2026-06-17 18:23:48 | INFO     | MainThread      | [ViolationManager] [Di sai lan] Track#87 (car) frame#788
2026-06-17 18:23:48 | INFO     | MainThread      | [ViolationManager] [Di nguoc chieu] Track#85 (motorcycle) frame#796
2026-06-17 18:23:48 | INFO     | MainThread      | [ViolationManager] [Di sai lan] Track#68 (person) frame#804
2026-06-17 18:23:49 | INFO     | MainThread      | [ViolationManager] [Quay dau sai noi quy dinh] Track#81 (car) frame#812
2026-06-17 18:23:49 | INFO     | MainThread      | [ViolationManager] [Di sai lan] Track#85 (motorcycle) frame#812
2026-06-17 18:23:49 | INFO     | MainThread      | [ViolationManager] [Di nguoc chieu] Track#68 (person) frame#825
2026-06-17 18:23:49 | INFO     | MainThread      | [ViolationManager] [Di nguoc chieu] Track#86 (motorcycle) frame#833
2026-06-17 18:23:50 | INFO     | MainThread      | [ViolationManager] [Di nguoc chieu] Track#88 (car) frame#836
2026-06-17 18:23:50 | INFO     | MainThread      | [ViolationManager] [Di sai lan] Track#89 (car) frame#841
2026-06-17 18:23:50 | INFO     | MainThread      | [ViolationManager] [Di nguoc chieu] Track#89 (car) frame#845
2026-06-17 18:23:51 | INFO     | MainThread      | [ViolationManager] [Di sai lan] Track#81 (bus) frame#876
2026-06-17 18:23:51 | INFO     | MainThread      | [ViolationManager] [Di sai lan] Track#90 (car) frame#879
2026-06-17 18:23:51 | INFO     | MainThread      | [ViolationManager] [Di nguoc chieu] Track#90 (car) frame#883
2026-06-17 18:23:52 | INFO     | MainThread      | [ViolationManager] [Di sai lan] Track#74 (person) frame#896
2026-06-17 18:23:53 | INFO     | MainThread      | [ViolationManager] [Di sai lan] Track#91 (person) frame#925
2026-06-17 18:23:53 | INFO     | MainThread      | [ViolationManager] [Di nguoc chieu] Track#91 (person) frame#925
2026-06-17 18:23:53 | INFO     | MainThread      | [ViolationManager] [Di nguoc chieu] Track#74 (person) frame#939
2026-06-17 18:23:53 | INFO     | MainThread      | [ViolationManager] [Di sai lan] Track#94 (person) frame#939
2026-06-17 18:23:53 | INFO     | MainThread      | [ViolationManager] [Di sai lan] Track#95 (motorcycle) frame#939
2026-06-17 18:23:53 | INFO     | MainThread      | [ViolationManager] [Di nguoc chieu] Track#94 (person) frame#943
2026-06-17 18:23:54 | INFO     | MainThread      | [ViolationManager] [Di sai lan] Track#96 (motorcycle) frame#945
2026-06-17 18:23:54 | INFO     | MainThread      | [ViolationManager] [Di nguoc chieu] Track#96 (motorcycle) frame#945
2026-06-17 18:23:54 | INFO     | MainThread      | [ViolationManager] [Di nguoc chieu] Track#97 (car) frame#945
2026-06-17 18:23:54 | INFO     | MainThread      | [ViolationManager] [Di sai lan] Track#97 (car) frame#964
2026-06-17 18:23:54 | INFO     | MainThread      | [ViolationManager] [Di nguoc chieu] Track#98 (car) frame#982
2026-06-17 18:23:54 | INFO     | MainThread      | [ViolationManager] [Di sai lan] Track#99 (person) frame#982
2026-06-17 18:23:55 | INFO     | MainThread      | [ViolationManager] [Di nguoc chieu] Track#99 (person) frame#987
2026-06-17 18:23:55 | INFO     | MainThread      | [ViolationManager] [Di sai lan] Track#100 (person) frame#993
2026-06-17 18:23:56 | INFO     | MainThread      | [ViolationManager] [Di sai lan] Track#101 (motorcycle) frame#1019
2026-06-17 18:23:56 | INFO     | MainThread      | [ViolationManager] [Di sai lan] Track#98 (bus) frame#1023
2026-06-17 18:23:56 | INFO     | MainThread      | [ViolationManager] [Di sai lan] Track#103 (car) frame#1029
2026-06-17 18:31:52 | INFO     | MainThread      | [ViolationManager] [Di sai lan] Track#2 (car) frame#2
2026-06-17 18:31:52 | INFO     | MainThread      | [ViolationManager] [Di sai lan] Track#3 (person) frame#2
2026-06-17 18:31:52 | INFO     | MainThread      | [ViolationManager] [Di sai lan] Track#4 (motorcycle) frame#2
2026-06-17 18:31:52 | INFO     | MainThread      | [ViolationManager] [Di nguoc chieu] Track#1 (car) frame#9
2026-06-17 18:31:53 | INFO     | MainThread      | [ViolationManager] [Di nguoc chieu] Track#2 (car) frame#9
2026-06-17 18:31:53 | INFO     | MainThread      | [ViolationManager] [Di nguoc chieu] Track#3 (person) frame#9
2026-06-17 18:31:53 | INFO     | MainThread      | [ViolationManager] [Di sai lan] Track#1 (car) frame#31
2026-06-17 18:31:53 | INFO     | MainThread      | [ViolationManager] [Di nguoc chieu] Track#5 (car) frame#31
2026-06-17 18:31:54 | INFO     | MainThread      | [ViolationManager] [Quay dau sai noi quy dinh] Track#5 (car) frame#56
2026-06-17 18:34:33 | INFO     | MainThread      | [ViolationManager] [Di nguoc chieu] Track#6 (car) frame#9
2026-06-17 18:34:33 | INFO     | MainThread      | [ViolationManager] [Di nguoc chieu] Track#7 (car) frame#9
2026-06-17 18:34:33 | INFO     | MainThread      | [ViolationManager] [Di nguoc chieu] Track#8 (car) frame#27
2026-06-17 18:34:34 | INFO     | MainThread      | [ViolationManager] [De vach dung] Track#6 (car) frame#47
2026-06-17 18:34:34 | INFO     | MainThread      | [ViolationManager] [Vuot den do] Track#6 (car) frame#52
2026-06-17 18:34:34 | INFO     | MainThread      | [ViolationManager] [Di sai lan] Track#6 (car) frame#52
2026-06-17 18:34:35 | INFO     | MainThread      | [ViolationManager] [De vach dung] Track#7 (car) frame#78
2026-06-17 18:34:35 | INFO     | MainThread      | [ViolationManager] [Vuot den do] Track#7 (car) frame#82
2026-06-17 18:34:35 | INFO     | MainThread      | [ViolationManager] [Di nguoc chieu] Track#9 (car) frame#84
2026-06-17 18:34:35 | INFO     | MainThread      | [ViolationManager] [Di sai lan] Track#10 (person) frame#84
2026-06-17 18:34:36 | INFO     | MainThread      | [ViolationManager] [De vach dung] Track#8 (car) frame#104
2026-06-17 18:34:36 | INFO     | MainThread      | [ViolationManager] [Di sai lan] Track#8 (car) frame#104
2026-06-17 18:34:36 | INFO     | MainThread      | [ViolationManager] [Vuot den do] Track#8 (car) frame#107
2026-06-17 18:34:39 | INFO     | MainThread      | [ViolationManager] [Di nguoc chieu] Track#12 (car) frame#210
2026-06-17 18:34:40 | INFO     | MainThread      | [ViolationManager] [Di nguoc chieu] Track#13 (car) frame#234
2026-06-17 18:34:41 | INFO     | MainThread      | [ViolationManager] [De vach dung] Track#12 (car) frame#260
2026-06-17 18:34:41 | INFO     | MainThread      | [ViolationManager] [Di sai lan] Track#12 (car) frame#260
2026-06-17 18:34:41 | INFO     | MainThread      | [ViolationManager] [Di sai lan] Track#14 (car) frame#260
2026-06-17 18:34:41 | INFO     | MainThread      | [ViolationManager] [Vuot den do] Track#12 (car) frame#264
2026-06-17 18:34:41 | INFO     | MainThread      | [ViolationManager] [Di nguoc chieu] Track#14 (car) frame#264
2026-06-17 18:34:42 | INFO     | MainThread      | [ViolationManager] [De vach dung] Track#13 (car) frame#284
2026-06-17 18:34:42 | INFO     | MainThread      | [ViolationManager] [Di nguoc chieu] Track#16 (car) frame#288
2026-06-17 18:34:42 | INFO     | MainThread      | [ViolationManager] [Vuot den do] Track#13 (car) frame#288
2026-06-17 18:34:42 | INFO     | MainThread      | [ViolationManager] [Di nguoc chieu] Track#17 (car) frame#292
2026-06-17 18:34:54 | INFO     | MainThread      | [ViolationManager] [Di sai lan] Track#19 (car) frame#2
2026-06-17 18:34:54 | INFO     | MainThread      | [ViolationManager] [Di sai lan] Track#20 (car) frame#2
2026-06-17 18:34:54 | INFO     | MainThread      | [ViolationManager] [Di sai lan] Track#21 (car) frame#2
2026-06-17 18:34:54 | INFO     | MainThread      | [ViolationManager] [Di sai lan] Track#22 (car) frame#2
2026-06-17 18:34:54 | INFO     | MainThread      | [ViolationManager] [Di sai lan] Track#26 (car) frame#2
2026-06-17 18:34:54 | INFO     | MainThread      | [ViolationManager] [Di nguoc chieu] Track#20 (car) frame#4
2026-06-17 18:34:54 | INFO     | MainThread      | [ViolationManager] [Di nguoc chieu] Track#22 (car) frame#7
2026-06-17 18:34:54 | INFO     | MainThread      | [ViolationManager] [Di nguoc chieu] Track#26 (car) frame#7
2026-06-17 18:34:54 | INFO     | MainThread      | [ViolationManager] [Di nguoc chieu] Track#27 (car) frame#16
2026-06-17 18:34:55 | INFO     | MainThread      | [ViolationManager] [Di sai lan] Track#28 (car) frame#16
2026-06-17 18:34:55 | INFO     | MainThread      | [ViolationManager] [Di nguoc chieu] Track#28 (car) frame#25
2026-06-17 18:34:55 | INFO     | MainThread      | [ViolationManager] [Di sai lan] Track#29 (car) frame#25
2026-06-17 18:34:55 | INFO     | MainThread      | [ViolationManager] [Di sai lan] Track#30 (car) frame#25
2026-06-17 18:34:55 | INFO     | MainThread      | [ViolationManager] [Di nguoc chieu] Track#30 (car) frame#32
2026-06-17 18:34:55 | INFO     | MainThread      | [ViolationManager] [Di nguoc chieu] Track#21 (car) frame#41
2026-06-17 18:34:55 | INFO     | MainThread      | [ViolationManager] [Di nguoc chieu] Track#29 (car) frame#41
2026-06-17 18:34:55 | INFO     | MainThread      | [ViolationManager] [Di sai lan] Track#33 (car) frame#44
2026-06-17 18:34:55 | INFO     | MainThread      | [ViolationManager] [Di nguoc chieu] Track#19 (car) frame#44
2026-06-17 18:34:55 | INFO     | MainThread      | [ViolationManager] [Di nguoc chieu] Track#31 (car) frame#47
2026-06-17 18:34:56 | INFO     | MainThread      | [ViolationManager] [Di sai lan] Track#35 (car) frame#49
2026-06-17 18:34:56 | INFO     | MainThread      | [ViolationManager] [Di sai lan] Track#36 (car) frame#49
2026-06-17 18:34:56 | INFO     | MainThread      | [ViolationManager] [Di nguoc chieu] Track#35 (car) frame#56
2026-06-17 18:34:56 | INFO     | MainThread      | [ViolationManager] [Di nguoc chieu] Track#36 (car) frame#56
2026-06-17 18:34:56 | INFO     | MainThread      | [ViolationManager] [Di nguoc chieu] Track#18 (car) frame#56
2026-06-17 18:34:57 | INFO     | MainThread      | [ViolationManager] [Di nguoc chieu] Track#25 (car) frame#88
2026-06-17 18:34:57 | INFO     | MainThread      | [ViolationManager] [Di nguoc chieu] Track#32 (car) frame#96
2026-06-17 18:34:57 | INFO     | MainThread      | [ViolationManager] [Di nguoc chieu] Track#23 (car) frame#99
2026-06-17 18:34:57 | INFO     | MainThread      | [ViolationManager] [Di nguoc chieu] Track#37 (car) frame#102
2026-06-17 18:34:57 | INFO     | MainThread      | [ViolationManager] [Di nguoc chieu] Track#38 (car) frame#107
2026-06-17 18:34:58 | INFO     | MainThread      | [ViolationManager] [Di nguoc chieu] Track#33 (car) frame#114
2026-06-17 18:34:58 | INFO     | MainThread      | [ViolationManager] [Quay dau sai noi quy dinh] Track#37 (car) frame#114
2026-06-17 18:34:58 | INFO     | MainThread      | [ViolationManager] [Quay dau sai noi quy dinh] Track#38 (car) frame#141
2026-06-17 18:36:00 | INFO     | MainThread      | [ViolationManager] [Di sai lan] Track#2 (car) frame#2
2026-06-17 18:36:00 | INFO     | MainThread      | [ViolationManager] [Di sai lan] Track#3 (car) frame#2
2026-06-17 18:36:00 | INFO     | MainThread      | [ViolationManager] [Di sai lan] Track#4 (car) frame#2
2026-06-17 18:36:00 | INFO     | MainThread      | [ViolationManager] [Di sai lan] Track#5 (car) frame#2
2026-06-17 18:36:00 | INFO     | MainThread      | [ViolationManager] [Di sai lan] Track#9 (car) frame#2
2026-06-17 18:36:00 | INFO     | MainThread      | [ViolationManager] [Di nguoc chieu] Track#3 (car) frame#6
2026-06-17 18:36:00 | INFO     | MainThread      | [ViolationManager] [Di nguoc chieu] Track#5 (car) frame#6
2026-06-17 18:36:00 | INFO     | MainThread      | [ViolationManager] [Di nguoc chieu] Track#9 (car) frame#6
2026-06-17 18:36:00 | INFO     | MainThread      | [ViolationManager] [Di sai lan] Track#12 (car) frame#15
2026-06-17 18:36:00 | INFO     | MainThread      | [ViolationManager] [Di sai lan] Track#13 (car) frame#15
2026-06-17 18:36:00 | INFO     | MainThread      | [ViolationManager] [Di sai lan] Track#11 (car) frame#18
2026-06-17 18:36:01 | INFO     | MainThread      | [ViolationManager] [Di nguoc chieu] Track#12 (car) frame#18
2026-06-17 18:36:01 | INFO     | MainThread      | [ViolationManager] [Di nguoc chieu] Track#13 (car) frame#26
2026-06-17 18:36:01 | INFO     | MainThread      | [ViolationManager] [Di nguoc chieu] Track#14 (car) frame#43
2026-06-17 18:36:01 | INFO     | MainThread      | [ViolationManager] [Di nguoc chieu] Track#4 (car) frame#45
2026-06-17 18:36:01 | INFO     | MainThread      | [ViolationManager] [Di sai lan] Track#15 (car) frame#45
2026-06-17 18:36:01 | INFO     | MainThread      | [ViolationManager] [Di nguoc chieu] Track#2 (car) frame#48
2026-06-17 18:36:01 | INFO     | MainThread      | [ViolationManager] [Di nguoc chieu] Track#11 (car) frame#54
2026-06-17 18:36:02 | INFO     | MainThread      | [ViolationManager] [Di nguoc chieu] Track#1 (car) frame#58
2026-06-17 18:36:02 | INFO     | MainThread      | [ViolationManager] [Di sai lan] Track#17 (car) frame#58
2026-06-17 18:36:02 | INFO     | MainThread      | [ViolationManager] [Di nguoc chieu] Track#16 (car) frame#62
2026-06-17 18:36:02 | INFO     | MainThread      | [ViolationManager] [Di nguoc chieu] Track#8 (car) frame#67
2026-06-17 18:36:02 | INFO     | MainThread      | [ViolationManager] [Di nguoc chieu] Track#15 (car) frame#67
2026-06-17 18:36:02 | INFO     | MainThread      | [ViolationManager] [Di sai lan] Track#18 (car) frame#73
2026-06-17 18:36:02 | INFO     | MainThread      | [ViolationManager] [Di nguoc chieu] Track#18 (car) frame#81
2026-06-17 18:36:03 | INFO     | MainThread      | [ViolationManager] [Di nguoc chieu] Track#10 (car) frame#92
2026-06-17 18:36:03 | INFO     | MainThread      | [ViolationManager] [Di nguoc chieu] Track#6 (car) frame#99
2026-06-17 18:36:03 | INFO     | MainThread      | [ViolationManager] [Di nguoc chieu] Track#19 (car) frame#107
2026-06-17 18:36:04 | INFO     | MainThread      | [ViolationManager] [Di nguoc chieu] Track#20 (car) frame#136
2026-06-17 18:36:29 | INFO     | MainThread      | [ViolationManager] [Di sai lan] Track#68 (person) frame#2
2026-06-17 18:36:29 | INFO     | MainThread      | [ViolationManager] [Di sai lan] Track#69 (motorcycle) frame#2
2026-06-17 18:36:29 | INFO     | MainThread      | [ViolationManager] [Di sai lan] Track#70 (person) frame#2
2026-06-17 18:36:29 | INFO     | MainThread      | [ViolationManager] [Di nguoc chieu] Track#69 (motorcycle) frame#4
2026-06-17 18:36:30 | INFO     | MainThread      | [ViolationManager] [Di nguoc chieu] Track#68 (person) frame#17
2026-06-17 18:36:30 | INFO     | MainThread      | [ViolationManager] [Di sai lan] Track#72 (motorcycle) frame#29
2026-06-17 18:36:31 | INFO     | MainThread      | [ViolationManager] [Di sai lan] Track#73 (car) frame#48
2026-06-17 18:36:31 | INFO     | MainThread      | [ViolationManager] [Di nguoc chieu] Track#72 (motorcycle) frame#59
2026-06-17 18:36:34 | INFO     | MainThread      | [ViolationManager] [Di nguoc chieu] Track#76 (car) frame#140
2026-06-17 18:36:35 | INFO     | MainThread      | [ViolationManager] [Di nguoc chieu] Track#77 (car) frame#164
2026-06-17 18:37:41 | INFO     | MainThread      | [ViolationManager] [Di nguoc chieu] Track#168 (car) frame#4
2026-06-17 18:37:41 | INFO     | MainThread      | [ViolationManager] [Di nguoc chieu] Track#169 (car) frame#6
2026-06-17 18:37:42 | INFO     | MainThread      | [ViolationManager] [Di nguoc chieu] Track#170 (car) frame#32
2026-06-17 18:37:42 | INFO     | MainThread      | [ViolationManager] [De vach dung] Track#168 (car) frame#47
2026-06-17 18:37:42 | INFO     | MainThread      | [ViolationManager] [Vuot den do] Track#168 (car) frame#51
2026-06-17 18:37:42 | INFO     | MainThread      | [ViolationManager] [Di sai lan] Track#168 (car) frame#51
2026-06-17 18:37:43 | INFO     | MainThread      | [ViolationManager] [De vach dung] Track#169 (car) frame#79
2026-06-17 18:37:43 | INFO     | MainThread      | [ViolationManager] [Vuot den do] Track#169 (car) frame#82
2026-06-17 18:37:43 | INFO     | MainThread      | [ViolationManager] [Di nguoc chieu] Track#171 (car) frame#86
2026-06-17 18:37:55 | INFO     | MainThread      | [ViolationManager] [Di nguoc chieu] Track#170 (car) frame#98
2026-06-17 18:37:56 | INFO     | MainThread      | [ViolationManager] [De vach dung] Track#170 (car) frame#103
2026-06-17 18:37:56 | INFO     | MainThread      | [ViolationManager] [Di sai lan] Track#170 (car) frame#103
2026-06-17 18:37:59 | INFO     | MainThread      | [ViolationManager] [Di nguoc chieu] Track#173 (car) frame#208
2026-06-17 18:38:00 | INFO     | MainThread      | [ViolationManager] [Di nguoc chieu] Track#174 (car) frame#234
2026-06-17 18:38:03 | INFO     | MainThread      | [ViolationManager] [Di sai lan] Track#175 (car) frame#257
2026-06-17 18:38:03 | INFO     | MainThread      | [ViolationManager] [De vach dung] Track#173 (car) frame#259
2026-06-17 18:38:04 | INFO     | MainThread      | [ViolationManager] [Di sai lan] Track#173 (car) frame#259
2026-06-17 18:38:04 | INFO     | MainThread      | [ViolationManager] [De vach dung] Track#175 (car) frame#262
2026-06-17 18:38:04 | INFO     | MainThread      | [ViolationManager] [Di nguoc chieu] Track#175 (car) frame#262
2026-06-17 19:20:58 | INFO     | MainThread      | [ViolationManager] [Di nguoc chieu] Track#1 (car) frame#19
2026-06-17 19:20:58 | INFO     | MainThread      | [ViolationManager] [Di nguoc chieu] Track#2 (car) frame#19
2026-06-17 19:20:58 | INFO     | MainThread      | [ViolationManager] [Di nguoc chieu] Track#3 (car) frame#29
2026-06-17 19:20:59 | INFO     | MainThread      | [ViolationManager] [De vach dung] Track#1 (car) frame#45
2026-06-17 19:20:59 | INFO     | MainThread      | [ViolationManager] [Vuot den do] Track#1 (car) frame#49
2026-06-17 19:20:59 | INFO     | MainThread      | [ViolationManager] [Di sai lan] Track#1 (car) frame#49
2026-06-17 19:21:00 | INFO     | MainThread      | [ViolationManager] [De vach dung] Track#4 (car) frame#77
2026-06-17 19:21:00 | INFO     | MainThread      | [ViolationManager] [Di nguoc chieu] Track#4 (car) frame#77
2026-06-17 19:21:00 | INFO     | MainThread      | [ViolationManager] [Vuot den do] Track#4 (car) frame#82
2026-06-17 19:21:00 | INFO     | MainThread      | [ViolationManager] [Di nguoc chieu] Track#5 (car) frame#84
2026-06-17 19:21:00 | INFO     | MainThread      | [ViolationManager] [Di sai lan] Track#6 (person) frame#84
2026-06-18 16:41:06 | INFO     | MainThread      | [ViolationManager] [Di nguoc chieu] Track#1 (car) frame#9
2026-06-18 16:41:06 | INFO     | MainThread      | [ViolationManager] [Di nguoc chieu] Track#2 (car) frame#9
2026-06-18 16:41:06 | INFO     | MainThread      | [ViolationManager] [Di nguoc chieu] Track#3 (car) frame#26
2026-06-18 16:41:07 | INFO     | MainThread      | [ViolationManager] [De vach dung] Track#1 (car) frame#45
2026-06-18 16:41:07 | INFO     | MainThread      | [ViolationManager] [Vuot den do] Track#1 (car) frame#49
2026-06-18 16:41:07 | INFO     | MainThread      | [ViolationManager] [Di sai lan] Track#1 (car) frame#49
2026-06-18 16:52:18 | INFO     | MainThread      | [ViolationManager] [Di sai lan] Track#2 (car) frame#2
2026-06-18 16:52:18 | INFO     | MainThread      | [ViolationManager] [Di sai lan] Track#3 (person) frame#2
2026-06-18 16:52:18 | INFO     | MainThread      | [ViolationManager] [Di sai lan] Track#4 (motorcycle) frame#2
2026-06-18 16:52:18 | INFO     | MainThread      | [ViolationManager] [Di nguoc chieu] Track#1 (car) frame#10
2026-06-18 16:52:18 | INFO     | MainThread      | [ViolationManager] [Di nguoc chieu] Track#3 (person) frame#10
2026-06-18 16:52:18 | INFO     | MainThread      | [ViolationManager] [Di nguoc chieu] Track#2 (car) frame#12
2026-06-18 16:52:19 | INFO     | MainThread      | [ViolationManager] [Di sai lan] Track#5 (car) frame#12
2026-06-18 16:52:19 | INFO     | MainThread      | [ViolationManager] [Di nguoc chieu] Track#6 (car) frame#20
2026-06-18 16:52:19 | INFO     | MainThread      | [ViolationManager] [Di sai lan] Track#1 (car) frame#32
2026-06-18 16:52:19 | INFO     | MainThread      | [ViolationManager] [Quay dau sai noi quy dinh] Track#6 (car) frame#41
2026-06-18 16:52:22 | INFO     | MainThread      | [ViolationManager] [Di nguoc chieu] Track#4 (motorcycle) frame#113
2026-06-18 16:52:22 | INFO     | MainThread      | [ViolationManager] [Di sai lan] Track#7 (person) frame#113
2026-06-18 16:52:23 | INFO     | MainThread      | [ViolationManager] [Di nguoc chieu] Track#7 (person) frame#149
2026-06-18 16:52:24 | INFO     | MainThread      | [ViolationManager] [Di sai lan] Track#9 (person) frame#177
2026-06-18 16:52:26 | INFO     | MainThread      | [ViolationManager] [Di sai lan] Track#6 (bus) frame#247
2026-06-18 16:52:27 | INFO     | MainThread      | [ViolationManager] [Di nguoc chieu] Track#10 (car) frame#251
2026-06-18 16:52:29 | INFO     | MainThread      | [ViolationManager] [Di sai lan] Track#3 (person) frame#310
2026-06-18 16:52:29 | INFO     | MainThread      | [ViolationManager] [Di nguoc chieu] Track#3 (person) frame#310
2026-06-18 16:52:31 | INFO     | MainThread      | [ViolationManager] [Di sai lan] Track#11 (person) frame#339
2026-06-18 16:52:31 | INFO     | MainThread      | [ViolationManager] [Di sai lan] Track#12 (person) frame#353
2026-06-18 16:55:47 | INFO     | MainThread      | [ViolationManager] [Di sai lan] Track#1 (person) frame#2
2026-06-18 16:55:47 | INFO     | MainThread      | [ViolationManager] [Di sai lan] Track#2 (motorcycle) frame#2
2026-06-18 16:55:47 | INFO     | MainThread      | [ViolationManager] [Di sai lan] Track#3 (person) frame#2
2026-06-18 16:55:47 | INFO     | MainThread      | [ViolationManager] [Di nguoc chieu] Track#2 (motorcycle) frame#8
2026-06-18 16:55:47 | INFO     | MainThread      | [ViolationManager] [Di nguoc chieu] Track#3 (person) frame#8
2026-06-18 16:55:47 | INFO     | MainThread      | [ViolationManager] [Di nguoc chieu] Track#1 (person) frame#10
2026-06-18 16:55:49 | INFO     | MainThread      | [ViolationManager] [Di sai lan] Track#5 (motorcycle) frame#49
2026-06-18 16:55:49 | INFO     | MainThread      | [ViolationManager] [Di sai lan] Track#6 (motorcycle) frame#59
2026-06-18 16:55:50 | INFO     | MainThread      | [ViolationManager] [Di nguoc chieu] Track#6 (motorcycle) frame#104
2026-06-18 16:55:52 | INFO     | MainThread      | [ViolationManager] [Di nguoc chieu] Track#10 (car) frame#169
2026-06-18 16:55:55 | INFO     | MainThread      | [ViolationManager] [Di sai lan] Track#11 (motorcycle) frame#256
2026-06-18 16:55:55 | INFO     | MainThread      | [ViolationManager] [Di sai lan] Track#12 (person) frame#256
2026-06-18 16:55:55 | INFO     | MainThread      | [ViolationManager] [Di nguoc chieu] Track#12 (person) frame#258
2026-06-18 16:55:57 | INFO     | MainThread      | [ViolationManager] [Di nguoc chieu] Track#11 (motorcycle) frame#272
2026-06-18 16:55:57 | INFO     | MainThread      | [ViolationManager] [Di sai lan] Track#1 (person) frame#313
2026-06-18 16:55:57 | INFO     | MainThread      | [ViolationManager] [Di nguoc chieu] Track#1 (person) frame#313
2026-06-18 16:56:00 | INFO     | MainThread      | [ViolationManager] [Di sai lan] Track#19 (motorcycle) frame#393
2026-06-18 16:56:04 | INFO     | MainThread      | [ViolationManager] [Di sai lan] Track#21 (car) frame#2
2026-06-18 16:56:04 | INFO     | MainThread      | [ViolationManager] [Di sai lan] Track#22 (motorcycle) frame#2
2026-06-18 16:56:04 | INFO     | MainThread      | [ViolationManager] [Di nguoc chieu] Track#20 (car) frame#4
2026-06-18 16:56:04 | INFO     | MainThread      | [ViolationManager] [Di nguoc chieu] Track#21 (car) frame#4
2026-06-18 16:56:04 | INFO     | MainThread      | [ViolationManager] [Di sai lan] Track#23 (car) frame#4
2026-06-18 16:56:05 | INFO     | MainThread      | [ViolationManager] [Di nguoc chieu] Track#24 (car) frame#23
2026-06-18 16:56:05 | INFO     | MainThread      | [ViolationManager] [Di sai lan] Track#20 (car) frame#32
2026-06-18 16:56:06 | INFO     | MainThread      | [ViolationManager] [Quay dau sai noi quy dinh] Track#24 (car) frame#49
2026-06-18 16:56:07 | INFO     | MainThread      | [ViolationManager] [Di sai lan] Track#25 (person) frame#80
2026-06-18 16:56:07 | INFO     | MainThread      | [ViolationManager] [Di sai lan] Track#1 (person) frame#104
2026-06-18 16:56:08 | INFO     | MainThread      | [ViolationManager] [Di nguoc chieu] Track#22 (motorcycle) frame#113
2026-06-18 16:56:08 | INFO     | MainThread      | [ViolationManager] [Di nguoc chieu] Track#25 (person) frame#113
2026-06-18 16:56:10 | INFO     | MainThread      | [ViolationManager] [Di nguoc chieu] Track#26 (car) frame#176
2026-06-18 16:56:10 | INFO     | MainThread      | [ViolationManager] [Di sai lan] Track#27 (person) frame#184
2026-06-18 16:56:13 | INFO     | MainThread      | [ViolationManager] [Di nguoc chieu] Track#1 (person) frame#265
2026-06-18 16:56:15 | INFO     | MainThread      | [ViolationManager] [Di nguoc chieu] Track#24 (car) frame#321
2026-06-18 16:56:16 | INFO     | MainThread      | [ViolationManager] [Di sai lan] Track#28 (person) frame#354
2026-06-18 16:56:18 | INFO     | MainThread      | [ViolationManager] [Di nguoc chieu] Track#29 (bus) frame#411
2026-06-18 16:56:19 | INFO     | MainThread      | [ViolationManager] [Di sai lan] Track#30 (car) frame#429
2026-06-18 16:56:19 | INFO     | MainThread      | [ViolationManager] [Di sai lan] Track#31 (motorcycle) frame#429
2026-06-18 16:56:19 | INFO     | MainThread      | [ViolationManager] [Di nguoc chieu] Track#31 (motorcycle) frame#443
2026-06-18 16:56:19 | INFO     | MainThread      | [ViolationManager] [Di nguoc chieu] Track#30 (car) frame#448
2026-06-18 16:56:21 | INFO     | MainThread      | [ViolationManager] [Di sai lan] Track#33 (person) frame#514
2026-06-18 16:56:22 | INFO     | MainThread      | [ViolationManager] [Di nguoc chieu] Track#33 (person) frame#520
2026-06-18 16:56:22 | INFO     | MainThread      | [ViolationManager] [Di sai lan] Track#34 (person) frame#520
2026-06-18 16:56:22 | INFO     | MainThread      | [ViolationManager] [Di nguoc chieu] Track#34 (person) frame#525
2026-06-18 16:56:23 | INFO     | MainThread      | [ViolationManager] [Di sai lan] Track#36 (car) frame#559
2026-06-18 16:56:23 | INFO     | MainThread      | [ViolationManager] [Di nguoc chieu] Track#36 (car) frame#564
2026-06-18 16:56:23 | INFO     | MainThread      | [ViolationManager] [Di sai lan] Track#32 (motorcycle) frame#573
2026-06-18 16:56:23 | INFO     | MainThread      | [ViolationManager] [Di nguoc chieu] Track#32 (motorcycle) frame#573
2026-06-18 16:56:24 | INFO     | MainThread      | [ViolationManager] [Di nguoc chieu] Track#37 (car) frame#581
2026-06-18 16:56:24 | INFO     | MainThread      | [ViolationManager] [Di sai lan] Track#40 (person) frame#597
2026-06-18 16:56:25 | INFO     | MainThread      | [ViolationManager] [Di nguoc chieu] Track#39 (motorcycle) frame#624
2026-06-18 16:56:26 | INFO     | MainThread      | [ViolationManager] [Di nguoc chieu] Track#43 (car) frame#635
2026-06-18 16:56:26 | INFO     | MainThread      | [ViolationManager] [Di nguoc chieu] Track#40 (person) frame#644
2026-06-18 16:56:28 | INFO     | MainThread      | [ViolationManager] [Di nguoc chieu] Track#45 (car) frame#708
2026-06-18 16:56:28 | INFO     | MainThread      | [ViolationManager] [Di sai lan] Track#47 (motorcycle) frame#708
2026-06-18 16:56:28 | INFO     | MainThread      | [ViolationManager] [Di sai lan] Track#37 (car) frame#717
2026-06-18 16:56:30 | INFO     | MainThread      | [ViolationManager] [Di nguoc chieu] Track#41 (car) frame#764
2026-06-18 16:56:30 | INFO     | MainThread      | [ViolationManager] [Di sai lan] Track#51 (motorcycle) frame#764
2026-06-18 16:56:31 | INFO     | MainThread      | [ViolationManager] [Di sai lan] Track#53 (car) frame#788
2026-06-18 16:56:31 | INFO     | MainThread      | [ViolationManager] [Di nguoc chieu] Track#52 (motorcycle) frame#796
2026-06-18 16:56:31 | INFO     | MainThread      | [ViolationManager] [Di sai lan] Track#33 (person) frame#817
2026-06-18 16:56:32 | INFO     | MainThread      | [ViolationManager] [Di nguoc chieu] Track#33 (person) frame#831
2026-06-18 16:56:32 | INFO     | MainThread      | [ViolationManager] [Di nguoc chieu] Track#54 (car) frame#831
2026-06-18 16:56:32 | INFO     | MainThread      | [ViolationManager] [Di sai lan] Track#55 (car) frame#845
2026-06-18 16:56:33 | INFO     | MainThread      | [ViolationManager] [Quay dau sai noi quy dinh] Track#45 (car) frame#857
2026-06-18 16:56:34 | INFO     | MainThread      | [ViolationManager] [Di sai lan] Track#56 (car) frame#884
2026-06-18 16:56:34 | INFO     | MainThread      | [ViolationManager] [Di sai lan] Track#57 (motorcycle) frame#890
2026-06-18 16:56:34 | INFO     | MainThread      | [ViolationManager] [Di sai lan] Track#58 (car) frame#890
2026-06-18 16:56:34 | INFO     | MainThread      | [ViolationManager] [Di sai lan] Track#40 (person) frame#897
2026-06-18 16:56:34 | INFO     | MainThread      | [ViolationManager] [Di nguoc chieu] Track#56 (car) frame#897
2026-06-18 16:56:34 | INFO     | MainThread      | [ViolationManager] [Di sai lan] Track#60 (motorcycle) frame#897
2026-06-18 16:56:35 | INFO     | MainThread      | [ViolationManager] [Di nguoc chieu] Track#60 (motorcycle) frame#910
2026-06-18 16:56:35 | INFO     | MainThread      | [ViolationManager] [Di nguoc chieu] Track#57 (motorcycle) frame#920
2026-06-18 16:56:35 | INFO     | MainThread      | [ViolationManager] [Di sai lan] Track#59 (person) frame#920
2026-06-18 16:56:35 | INFO     | MainThread      | [ViolationManager] [Di nguoc chieu] Track#59 (person) frame#920
2026-06-18 16:56:35 | INFO     | MainThread      | [ViolationManager] [Di sai lan] Track#45 (car) frame#928
2026-06-18 16:56:36 | INFO     | MainThread      | [ViolationManager] [Di sai lan] Track#63 (person) frame#934
2026-06-18 16:56:36 | INFO     | MainThread      | [ViolationManager] [Di nguoc chieu] Track#63 (person) frame#940
2026-06-18 16:56:36 | INFO     | MainThread      | [ViolationManager] [Di sai lan] Track#61 (motorcycle) frame#945
2026-06-18 16:56:36 | INFO     | MainThread      | [ViolationManager] [Di nguoc chieu] Track#40 (person) frame#952
2026-06-18 16:56:37 | INFO     | MainThread      | [ViolationManager] [Di nguoc chieu] Track#64 (car) frame#968
2026-06-18 16:56:37 | INFO     | MainThread      | [ViolationManager] [Di sai lan] Track#54 (car) frame#968
2026-06-18 16:56:37 | INFO     | MainThread      | [ViolationManager] [Di sai lan] Track#65 (person) frame#973
2026-06-18 16:56:37 | INFO     | MainThread      | [ViolationManager] [Di nguoc chieu] Track#65 (person) frame#993
2026-06-18 16:56:38 | INFO     | MainThread      | [ViolationManager] [Di sai lan] Track#66 (motorcycle) frame#1019
2026-06-18 16:56:38 | INFO     | MainThread      | [ViolationManager] [Di sai lan] Track#64 (bus) frame#1023
2026-06-18 16:56:39 | INFO     | MainThread      | [ViolationManager] [Di nguoc chieu] Track#66 (motorcycle) frame#1028
2026-06-18 17:17:27 | INFO     | MainThread      | [ViolationManager] [Di sai lan] Track#1 (person) frame#2
2026-06-18 17:17:27 | INFO     | MainThread      | [ViolationManager] [Di sai lan] Track#2 (motorcycle) frame#2
2026-06-18 17:17:27 | INFO     | MainThread      | [ViolationManager] [Di sai lan] Track#3 (person) frame#2
2026-06-18 17:17:27 | INFO     | MainThread      | [ViolationManager] [Di nguoc chieu] Track#1 (person) frame#35
2026-06-18 17:17:28 | INFO     | MainThread      | [ViolationManager] [Di sai lan] Track#5 (car) frame#35
2026-06-18 17:17:28 | INFO     | MainThread      | [ViolationManager] [Di sai lan] Track#6 (motorcycle) frame#35
2026-06-18 17:17:28 | INFO     | MainThread      | [ViolationManager] [Di nguoc chieu] Track#6 (motorcycle) frame#41
2026-06-18 17:17:29 | INFO     | MainThread      | [ViolationManager] [Di sai lan] Track#7 (motorcycle) frame#76
2026-06-18 17:17:31 | INFO     | MainThread      | [ViolationManager] [Di nguoc chieu] Track#7 (motorcycle) frame#154
2026-06-18 17:17:32 | INFO     | MainThread      | [ViolationManager] [Di nguoc chieu] Track#11 (car) frame#178
2026-06-18 17:17:36 | INFO     | MainThread      | [ViolationManager] [Di sai lan] Track#1 (person) frame#246
2026-06-18 17:17:37 | INFO     | MainThread      | [ViolationManager] [Di sai lan] Track#13 (motorcycle) frame#270
2026-06-18 17:17:38 | INFO     | MainThread      | [ViolationManager] [Di nguoc chieu] Track#1 (person) frame#284
2026-06-18 17:17:38 | INFO     | MainThread      | [ViolationManager] [Di nguoc chieu] Track#13 (motorcycle) frame#284
2026-06-18 22:15:47 | INFO     | MainThread      | [ViolationManager] [Di sai lan] Track#50 (car) frame#2
2026-06-18 22:15:47 | INFO     | MainThread      | [ViolationManager] [Di sai lan] Track#51 (person) frame#2
2026-06-18 22:15:47 | INFO     | MainThread      | [ViolationManager] [Di sai lan] Track#52 (motorcycle) frame#2
2026-06-18 22:15:47 | INFO     | MainThread      | [ViolationManager] [Di nguoc chieu] Track#49 (car) frame#4
2026-06-18 22:15:47 | INFO     | MainThread      | [ViolationManager] [Di nguoc chieu] Track#50 (car) frame#4
2026-06-18 22:15:47 | INFO     | MainThread      | [ViolationManager] [Di sai lan] Track#53 (car) frame#4
2026-06-18 22:15:47 | INFO     | MainThread      | [ViolationManager] [Di nguoc chieu] Track#53 (car) frame#8
2026-06-18 22:15:48 | INFO     | MainThread      | [ViolationManager] [Di nguoc chieu] Track#54 (car) frame#19
2026-06-18 22:15:48 | INFO     | MainThread      | [ViolationManager] [Di sai lan] Track#49 (car) frame#31
2026-06-18 22:15:48 | INFO     | MainThread      | [ViolationManager] [Quay dau sai noi quy dinh] Track#54 (car) frame#41
2026-06-18 22:15:51 | INFO     | MainThread      | [ViolationManager] [Di sai lan] Track#55 (person) frame#113
2026-06-18 22:15:51 | INFO     | MainThread      | [ViolationManager] [Di nguoc chieu] Track#52 (motorcycle) frame#118
2026-06-18 22:15:52 | INFO     | MainThread      | [ViolationManager] [Di nguoc chieu] Track#55 (person) frame#150
2026-06-18 22:15:53 | INFO     | MainThread      | [ViolationManager] [Di sai lan] Track#57 (person) frame#184
2026-06-18 22:15:56 | INFO     | MainThread      | [ViolationManager] [Di nguoc chieu] Track#51 (person) frame#264
2026-06-18 22:15:57 | INFO     | MainThread      | [ViolationManager] [Di sai lan] Track#51 (person) frame#310
2026-06-18 22:15:58 | INFO     | MainThread      | [ViolationManager] [Di nguoc chieu] Track#54 (car) frame#318
2026-06-18 22:16:02 | INFO     | MainThread      | [ViolationManager] [Di sai lan] Track#59 (car) frame#430
2026-06-18 22:16:02 | INFO     | MainThread      | [ViolationManager] [Di nguoc chieu] Track#59 (car) frame#432
2026-06-18 22:16:02 | INFO     | MainThread      | [ViolationManager] [Di sai lan] Track#60 (motorcycle) frame#436
2026-06-18 22:16:03 | INFO     | MainThread      | [ViolationManager] [Di nguoc chieu] Track#60 (motorcycle) frame#439
2026-06-18 22:16:03 | INFO     | MainThread      | [ViolationManager] [Di sai lan] Track#61 (car) frame#444
2026-06-18 22:16:03 | INFO     | MainThread      | [ViolationManager] [Di nguoc chieu] Track#61 (car) frame#449
2026-06-18 22:16:05 | INFO     | MainThread      | [ViolationManager] [Di sai lan] Track#65 (person) frame#510
2026-06-18 22:16:05 | INFO     | MainThread      | [ViolationManager] [Di sai lan] Track#66 (person) frame#522
2026-06-18 22:16:06 | INFO     | MainThread      | [ViolationManager] [Di nguoc chieu] Track#65 (person) frame#528
2026-06-18 22:16:07 | INFO     | MainThread      | [ViolationManager] [Di sai lan] Track#67 (car) frame#563
2026-06-18 22:16:07 | INFO     | MainThread      | [ViolationManager] [Di nguoc chieu] Track#67 (car) frame#567
2026-06-18 22:16:07 | INFO     | MainThread      | [ViolationManager] [Di sai lan] Track#63 (motorcycle) frame#573
2026-06-18 22:16:07 | INFO     | MainThread      | [ViolationManager] [Di nguoc chieu] Track#63 (motorcycle) frame#573
2026-06-18 22:16:08 | INFO     | MainThread      | [ViolationManager] [Di sai lan] Track#68 (person) frame#601
2026-06-18 22:16:09 | INFO     | MainThread      | [ViolationManager] [Di nguoc chieu] Track#71 (car) frame#610
2026-06-18 22:16:09 | INFO     | MainThread      | [ViolationManager] [Di nguoc chieu] Track#73 (car) frame#623
2026-06-18 22:16:09 | INFO     | MainThread      | [ViolationManager] [Di nguoc chieu] Track#69 (motorcycle) frame#637
2026-06-18 22:16:10 | INFO     | MainThread      | [ViolationManager] [Di nguoc chieu] Track#68 (person) frame#648
2026-06-18 22:16:12 | INFO     | MainThread      | [ViolationManager] [Di sai lan] Track#78 (motorcycle) frame#706
2026-06-18 22:16:12 | INFO     | MainThread      | [ViolationManager] [Di nguoc chieu] Track#78 (motorcycle) frame#712
2026-06-18 22:16:12 | INFO     | MainThread      | [ViolationManager] [Di sai lan] Track#71 (car) frame#718
2026-06-18 22:16:12 | INFO     | MainThread      | [ViolationManager] [Di nguoc chieu] Track#77 (car) frame#723
2026-06-18 22:16:14 | INFO     | MainThread      | [ViolationManager] [Di nguoc chieu] Track#70 (car) frame#761
2026-06-18 22:16:14 | INFO     | MainThread      | [ViolationManager] [Di nguoc chieu] Track#83 (motorcycle) frame#761
2026-06-18 22:16:15 | INFO     | MainThread      | [ViolationManager] [Di sai lan] Track#84 (car) frame#787
2026-06-18 22:16:16 | INFO     | MainThread      | [ViolationManager] [Di sai lan] Track#65 (person) frame#797
2026-06-18 22:16:16 | INFO     | MainThread      | [ViolationManager] [Di sai lan] Track#73 (person) frame#806
2026-06-18 22:16:16 | INFO     | MainThread      | [ViolationManager] [Di nguoc chieu] Track#65 (person) frame#830
2026-06-18 22:16:16 | INFO     | MainThread      | [ViolationManager] [Di sai lan] Track#85 (person) frame#830
2026-06-18 22:16:16 | INFO     | MainThread      | [ViolationManager] [Di nguoc chieu] Track#85 (person) frame#835
2026-06-18 22:16:16 | INFO     | MainThread      | [ViolationManager] [Di nguoc chieu] Track#86 (car) frame#835
2026-06-18 22:16:16 | INFO     | MainThread      | [ViolationManager] [Di nguoc chieu] Track#87 (car) frame#835
2026-06-18 22:16:16 | INFO     | MainThread      | [ViolationManager] [Di sai lan] Track#89 (motorcycle) frame#835
2026-06-18 22:16:17 | INFO     | MainThread      | [ViolationManager] [Di sai lan] Track#88 (car) frame#840
2026-06-18 22:16:17 | INFO     | MainThread      | [ViolationManager] [Di nguoc chieu] Track#88 (car) frame#840
2026-06-18 22:16:17 | INFO     | MainThread      | [ViolationManager] [Quay dau sai noi quy dinh] Track#87 (car) frame#859
2026-06-18 22:16:17 | INFO     | MainThread      | [ViolationManager] [Di nguoc chieu] Track#89 (motorcycle) frame#859
2026-06-18 22:16:18 | INFO     | MainThread      | [ViolationManager] [Di sai lan] Track#87 (bus) frame#876
2026-06-18 22:16:18 | INFO     | MainThread      | [ViolationManager] [Di sai lan] Track#90 (car) frame#889
2026-06-18 22:16:18 | INFO     | MainThread      | [ViolationManager] [Di sai lan] Track#91 (motorcycle) frame#889
2026-06-18 22:16:18 | INFO     | MainThread      | [ViolationManager] [Di nguoc chieu] Track#90 (car) frame#893
2026-06-18 22:16:19 | INFO     | MainThread      | [ViolationManager] [Di sai lan] Track#92 (person) frame#917
2026-06-18 22:16:19 | INFO     | MainThread      | [ViolationManager] [Di nguoc chieu] Track#92 (person) frame#917
2026-06-18 22:16:20 | INFO     | MainThread      | [ViolationManager] [Di sai lan] Track#94 (motorcycle) frame#923
2026-06-18 22:16:20 | INFO     | MainThread      | [ViolationManager] [Di sai lan] Track#96 (person) frame#946
2026-06-18 22:16:20 | INFO     | MainThread      | [ViolationManager] [Di sai lan] Track#99 (motorcycle) frame#946
2026-06-18 22:16:20 | INFO     | MainThread      | [ViolationManager] [Di nguoc chieu] Track#96 (person) frame#952
2026-06-18 22:16:20 | INFO     | MainThread      | [ViolationManager] [Di nguoc chieu] Track#97 (car) frame#952
2026-06-18 22:16:21 | INFO     | MainThread      | [ViolationManager] [Di sai lan] Track#97 (car) frame#964
2026-06-18 22:16:21 | INFO     | MainThread      | [ViolationManager] [Di nguoc chieu] Track#98 (car) frame#964
2026-06-18 22:16:21 | INFO     | MainThread      | [ViolationManager] [Di sai lan] Track#100 (motorcycle) frame#964
2026-06-18 22:16:21 | INFO     | MainThread      | [ViolationManager] [Di sai lan] Track#101 (person) frame#978
2026-06-18 22:16:22 | INFO     | MainThread      | [ViolationManager] [Di nguoc chieu] Track#101 (person) frame#992
2026-06-18 22:16:23 | INFO     | MainThread      | [ViolationManager] [Di sai lan] Track#98 (bus) frame#1026
2026-06-18 22:16:23 | INFO     | MainThread      | [ViolationManager] [Di sai lan] Track#102 (car) frame#1047
